Jul 03 2018 10:29:13
{"action":"ai1wm_export","_fs_blog_admin":"true","options":{"replace":{"old_value":[""],"new_value":[""]}},"ai1wm_manual_export":"1","storage":"zzh590tjssnj","secret_key":"xqhb5FTWuSKo","archive":"bemaxacademy.com-20180703-102913-139.wpress"}

Jul 03 2018 10:29:13
{"action":"ai1wm_export","_fs_blog_admin":"true","options":{"replace":{"old_value":[""],"new_value":[""]}},"ai1wm_manual_export":"1","storage":"zzh590tjssnj","secret_key":"xqhb5FTWuSKo","archive":"bemaxacademy.com-20180703-102913-139.wpress"}

Jul 03 2018 10:29:33
{"action":"ai1wm_export","_fs_blog_admin":"true","options":{"replace":{"old_value":[""],"new_value":[""]}},"ai1wm_manual_export":"1","storage":"zzh590tjssnj","secret_key":"xqhb5FTWuSKo","archive":"bemaxacademy.com-20180703-102913-139.wpress","priority":"10"}

Jul 03 2018 10:29:44
{"action":"ai1wm_export","_fs_blog_admin":"true","options":{"replace":{"old_value":[""],"new_value":[""]}},"ai1wm_manual_export":"1","storage":"zzh590tjssnj","secret_key":"xqhb5FTWuSKo","archive":"bemaxacademy.com-20180703-102913-139.wpress","priority":"50"}

Jul 03 2018 10:30:04
{"action":"ai1wm_export","_fs_blog_admin":"true","options":{"replace":{"old_value":[""],"new_value":[""]}},"ai1wm_manual_export":"1","storage":"zzh590tjssnj","secret_key":"xqhb5FTWuSKo","archive":"bemaxacademy.com-20180703-102913-139.wpress","priority":"100","total_files_count":23627,"total_files_size":12670932696}

Jul 03 2018 10:30:50
{"action":"ai1wm_export","_fs_blog_admin":"true","options":{"replace":{"old_value":[""],"new_value":[""]}},"ai1wm_manual_export":"1","storage":"zzh590tjssnj","secret_key":"xqhb5FTWuSKo","archive":"bemaxacademy.com-20180703-102913-139.wpress","priority":"150","total_files_count":"23627","total_files_size":"12670932696","file_bytes_offset":0,"filemap_bytes_offset":44935,"processed_files_size":68372306,"completed":false}

Jul 03 2018 10:31:39
{"action":"ai1wm_export","_fs_blog_admin":"true","options":{"replace":{"old_value":[""],"new_value":[""]}},"ai1wm_manual_export":"1","storage":"zzh590tjssnj","secret_key":"xqhb5FTWuSKo","archive":"bemaxacademy.com-20180703-102913-139.wpress","priority":"150","total_files_count":"23627","total_files_size":"12670932696","file_bytes_offset":0,"filemap_bytes_offset":82155,"processed_files_size":82501882,"completed":false}

Jul 03 2018 10:32:03
{"action":"ai1wm_export","_fs_blog_admin":"true","options":{"replace":{"old_value":[""],"new_value":[""]}},"ai1wm_manual_export":"1","storage":"zzh590tjssnj","secret_key":"xqhb5FTWuSKo","archive":"bemaxacademy.com-20180703-102913-139.wpress","priority":"150","total_files_count":"23627","total_files_size":"12670932696","file_bytes_offset":0,"filemap_bytes_offset":121663,"processed_files_size":95209139,"completed":false}

Jul 03 2018 10:32:41
{"action":"ai1wm_export","_fs_blog_admin":"true","options":{"replace":{"old_value":[""],"new_value":[""]}},"ai1wm_manual_export":"1","storage":"zzh590tjssnj","secret_key":"xqhb5FTWuSKo","archive":"bemaxacademy.com-20180703-102913-139.wpress","priority":"150","total_files_count":"23627","total_files_size":"12670932696","file_bytes_offset":0,"filemap_bytes_offset":181086,"processed_files_size":111191052,"completed":false}

Jul 03 2018 10:33:01
{"action":"ai1wm_export","_fs_blog_admin":"true","options":{"replace":{"old_value":[""],"new_value":[""]}},"ai1wm_manual_export":"1","storage":"zzh590tjssnj","secret_key":"xqhb5FTWuSKo","archive":"bemaxacademy.com-20180703-102913-139.wpress","priority":"150","total_files_count":"23627","total_files_size":"12670932696","file_bytes_offset":0,"filemap_bytes_offset":251144,"processed_files_size":128452663,"completed":false}

Jul 03 2018 10:33:33
{"action":"ai1wm_export","_fs_blog_admin":"true","options":{"replace":{"old_value":[""],"new_value":[""]}},"ai1wm_manual_export":"1","storage":"zzh590tjssnj","secret_key":"xqhb5FTWuSKo","archive":"bemaxacademy.com-20180703-102913-139.wpress","priority":"150","total_files_count":"23627","total_files_size":"12670932696","file_bytes_offset":0,"filemap_bytes_offset":257726,"processed_files_size":132246974,"completed":false}

Jul 03 2018 10:34:06
{"action":"ai1wm_export","_fs_blog_admin":"true","options":{"replace":{"old_value":[""],"new_value":[""]}},"ai1wm_manual_export":"1","storage":"zzh590tjssnj","secret_key":"xqhb5FTWuSKo","archive":"bemaxacademy.com-20180703-102913-139.wpress","priority":"150","total_files_count":"23627","total_files_size":"12670932696","file_bytes_offset":0,"filemap_bytes_offset":318114,"processed_files_size":138629669,"completed":false}

Jul 03 2018 10:35:08
{"action":"ai1wm_export","_fs_blog_admin":"true","options":{"replace":{"old_value":[""],"new_value":[""]}},"ai1wm_manual_export":"1","storage":"zzh590tjssnj","secret_key":"xqhb5FTWuSKo","archive":"bemaxacademy.com-20180703-102913-139.wpress","priority":"150","total_files_count":"23627","total_files_size":"12670932696","file_bytes_offset":0,"filemap_bytes_offset":372516,"processed_files_size":146721778,"completed":false}

Jul 03 2018 10:36:01
{"action":"ai1wm_export","_fs_blog_admin":"true","options":{"replace":{"old_value":[""],"new_value":[""]}},"ai1wm_manual_export":"1","storage":"zzh590tjssnj","secret_key":"xqhb5FTWuSKo","archive":"bemaxacademy.com-20180703-102913-139.wpress","priority":"150","total_files_count":"23627","total_files_size":"12670932696","file_bytes_offset":0,"filemap_bytes_offset":436756,"processed_files_size":161964727,"completed":false}

Jul 03 2018 10:37:42
{"action":"ai1wm_export","_fs_blog_admin":"true","options":{"replace":{"old_value":[""],"new_value":[""]}},"ai1wm_manual_export":"1","storage":"zzh590tjssnj","secret_key":"xqhb5FTWuSKo","archive":"bemaxacademy.com-20180703-102913-139.wpress","priority":"150","total_files_count":"23627","total_files_size":"12670932696","file_bytes_offset":0,"filemap_bytes_offset":472755,"processed_files_size":178704106,"completed":false}

Jul 03 2018 10:39:00
{"action":"ai1wm_export","_fs_blog_admin":"true","options":{"replace":{"old_value":[""],"new_value":[""]}},"ai1wm_manual_export":"1","storage":"zzh590tjssnj","secret_key":"xqhb5FTWuSKo","archive":"bemaxacademy.com-20180703-102913-139.wpress","priority":"150","total_files_count":"23627","total_files_size":"12670932696","file_bytes_offset":0,"filemap_bytes_offset":580364,"processed_files_size":192596811,"completed":false}

