May 07 2018 10:31:52
{"action":"ai1wm_export","_fs_blog_admin":"true","options":{"replace":{"old_value":[""],"new_value":[""]}},"ai1wm_manual_export":"1","storage":"ty490mxrki40","secret_key":"xqhb5FTWuSKo","archive":"bemaxacademy.com-20180507-103152-620.wpress"}

May 07 2018 10:31:53
{"action":"ai1wm_export","_fs_blog_admin":"true","options":{"replace":{"old_value":[""],"new_value":[""]}},"ai1wm_manual_export":"1","storage":"ty490mxrki40","secret_key":"xqhb5FTWuSKo","archive":"bemaxacademy.com-20180507-103152-620.wpress"}

May 07 2018 10:32:04
{"action":"ai1wm_export","_fs_blog_admin":"true","options":{"replace":{"old_value":[""],"new_value":[""]}},"ai1wm_manual_export":"1","storage":"ty490mxrki40","secret_key":"xqhb5FTWuSKo","archive":"bemaxacademy.com-20180507-103152-620.wpress","priority":"10"}

May 07 2018 10:32:12
{"action":"ai1wm_export","_fs_blog_admin":"true","options":{"replace":{"old_value":[""],"new_value":[""]}},"ai1wm_manual_export":"1","storage":"ty490mxrki40","secret_key":"xqhb5FTWuSKo","archive":"bemaxacademy.com-20180507-103152-620.wpress","priority":"50"}

May 07 2018 10:33:30
{"action":"ai1wm_export","_fs_blog_admin":"true","options":{"replace":{"old_value":[""],"new_value":[""]}},"ai1wm_manual_export":"1","storage":"ty490mxrki40","secret_key":"xqhb5FTWuSKo","archive":"bemaxacademy.com-20180507-103152-620.wpress","priority":"100","total_files_count":26030,"total_files_size":3765312959}

May 07 2018 10:33:54
{"action":"ai1wm_export","_fs_blog_admin":"true","options":{"replace":{"old_value":[""],"new_value":[""]}},"ai1wm_manual_export":"1","storage":"ty490mxrki40","secret_key":"xqhb5FTWuSKo","archive":"bemaxacademy.com-20180507-103152-620.wpress","priority":"150","total_files_count":"26030","total_files_size":"3765312959","file_bytes_offset":0,"filemap_bytes_offset":6219,"processed_files_size":20910547,"completed":false}

May 07 2018 10:34:21
{"action":"ai1wm_export","_fs_blog_admin":"true","options":{"replace":{"old_value":[""],"new_value":[""]}},"ai1wm_manual_export":"1","storage":"ty490mxrki40","secret_key":"xqhb5FTWuSKo","archive":"bemaxacademy.com-20180507-103152-620.wpress","priority":"150","total_files_count":"26030","total_files_size":"3765312959","file_bytes_offset":0,"filemap_bytes_offset":19679,"processed_files_size":28266698,"completed":false}

May 07 2018 10:34:42
{"action":"ai1wm_export","_fs_blog_admin":"true","options":{"replace":{"old_value":[""],"new_value":[""]}},"ai1wm_manual_export":"1","storage":"ty490mxrki40","secret_key":"xqhb5FTWuSKo","archive":"bemaxacademy.com-20180507-103152-620.wpress","priority":"150","total_files_count":"26030","total_files_size":"3765312959","file_bytes_offset":0,"filemap_bytes_offset":25009,"processed_files_size":38090325,"completed":false}

May 07 2018 10:35:04
{"action":"ai1wm_export","_fs_blog_admin":"true","options":{"replace":{"old_value":[""],"new_value":[""]}},"ai1wm_manual_export":"1","storage":"ty490mxrki40","secret_key":"xqhb5FTWuSKo","archive":"bemaxacademy.com-20180507-103152-620.wpress","priority":"150","total_files_count":"26030","total_files_size":"3765312959","file_bytes_offset":0,"filemap_bytes_offset":42374,"processed_files_size":57206330,"completed":false}

May 07 2018 10:35:23
{"action":"ai1wm_export","_fs_blog_admin":"true","options":{"replace":{"old_value":[""],"new_value":[""]}},"ai1wm_manual_export":"1","storage":"ty490mxrki40","secret_key":"xqhb5FTWuSKo","archive":"bemaxacademy.com-20180507-103152-620.wpress","priority":"150","total_files_count":"26030","total_files_size":"3765312959","file_bytes_offset":0,"filemap_bytes_offset":54261,"processed_files_size":59695370,"completed":false}

May 07 2018 10:35:41
{"action":"ai1wm_export","_fs_blog_admin":"true","options":{"replace":{"old_value":[""],"new_value":[""]}},"ai1wm_manual_export":"1","storage":"ty490mxrki40","secret_key":"xqhb5FTWuSKo","archive":"bemaxacademy.com-20180507-103152-620.wpress","priority":"150","total_files_count":"26030","total_files_size":"3765312959","file_bytes_offset":0,"filemap_bytes_offset":76692,"processed_files_size":67907202,"completed":false}

May 07 2018 10:36:01
{"action":"ai1wm_export","_fs_blog_admin":"true","options":{"replace":{"old_value":[""],"new_value":[""]}},"ai1wm_manual_export":"1","storage":"ty490mxrki40","secret_key":"xqhb5FTWuSKo","archive":"bemaxacademy.com-20180507-103152-620.wpress","priority":"150","total_files_count":"26030","total_files_size":"3765312959","file_bytes_offset":0,"filemap_bytes_offset":94034,"processed_files_size":74011638,"completed":false}

May 07 2018 10:36:24
{"action":"ai1wm_export","_fs_blog_admin":"true","options":{"replace":{"old_value":[""],"new_value":[""]}},"ai1wm_manual_export":"1","storage":"ty490mxrki40","secret_key":"xqhb5FTWuSKo","archive":"bemaxacademy.com-20180507-103152-620.wpress","priority":"150","total_files_count":"26030","total_files_size":"3765312959","file_bytes_offset":0,"filemap_bytes_offset":102352,"processed_files_size":77982007,"completed":false}

May 07 2018 10:36:44
{"action":"ai1wm_export","_fs_blog_admin":"true","options":{"replace":{"old_value":[""],"new_value":[""]}},"ai1wm_manual_export":"1","storage":"ty490mxrki40","secret_key":"xqhb5FTWuSKo","archive":"bemaxacademy.com-20180507-103152-620.wpress","priority":"150","total_files_count":"26030","total_files_size":"3765312959","file_bytes_offset":0,"filemap_bytes_offset":123672,"processed_files_size":81912335,"completed":false}

May 07 2018 10:37:02
{"action":"ai1wm_export","_fs_blog_admin":"true","options":{"replace":{"old_value":[""],"new_value":[""]}},"ai1wm_manual_export":"1","storage":"ty490mxrki40","secret_key":"xqhb5FTWuSKo","archive":"bemaxacademy.com-20180507-103152-620.wpress","priority":"150","total_files_count":"26030","total_files_size":"3765312959","file_bytes_offset":0,"filemap_bytes_offset":173932,"processed_files_size":83539075,"completed":false}

May 07 2018 10:37:23
{"action":"ai1wm_export","_fs_blog_admin":"true","options":{"replace":{"old_value":[""],"new_value":[""]}},"ai1wm_manual_export":"1","storage":"ty490mxrki40","secret_key":"xqhb5FTWuSKo","archive":"bemaxacademy.com-20180507-103152-620.wpress","priority":"150","total_files_count":"26030","total_files_size":"3765312959","file_bytes_offset":0,"filemap_bytes_offset":223483,"processed_files_size":86350004,"completed":false}

May 07 2018 10:37:42
{"action":"ai1wm_export","_fs_blog_admin":"true","options":{"replace":{"old_value":[""],"new_value":[""]}},"ai1wm_manual_export":"1","storage":"ty490mxrki40","secret_key":"xqhb5FTWuSKo","archive":"bemaxacademy.com-20180507-103152-620.wpress","priority":"150","total_files_count":"26030","total_files_size":"3765312959","file_bytes_offset":0,"filemap_bytes_offset":250856,"processed_files_size":88237890,"completed":false}

May 07 2018 10:38:02
{"action":"ai1wm_export","_fs_blog_admin":"true","options":{"replace":{"old_value":[""],"new_value":[""]}},"ai1wm_manual_export":"1","storage":"ty490mxrki40","secret_key":"xqhb5FTWuSKo","archive":"bemaxacademy.com-20180507-103152-620.wpress","priority":"150","total_files_count":"26030","total_files_size":"3765312959","file_bytes_offset":0,"filemap_bytes_offset":263746,"processed_files_size":90592144,"completed":false}

May 07 2018 10:38:26
{"action":"ai1wm_export","_fs_blog_admin":"true","options":{"replace":{"old_value":[""],"new_value":[""]}},"ai1wm_manual_export":"1","storage":"ty490mxrki40","secret_key":"xqhb5FTWuSKo","archive":"bemaxacademy.com-20180507-103152-620.wpress","priority":"150","total_files_count":"26030","total_files_size":"3765312959","file_bytes_offset":0,"filemap_bytes_offset":295273,"processed_files_size":96012623,"completed":false}

May 07 2018 10:38:42
{"action":"ai1wm_export","_fs_blog_admin":"true","options":{"replace":{"old_value":[""],"new_value":[""]}},"ai1wm_manual_export":"1","storage":"ty490mxrki40","secret_key":"xqhb5FTWuSKo","archive":"bemaxacademy.com-20180507-103152-620.wpress","priority":"150","total_files_count":"26030","total_files_size":"3765312959","file_bytes_offset":0,"filemap_bytes_offset":332167,"processed_files_size":101816953,"completed":false}

May 07 2018 10:39:00
{"action":"ai1wm_export","_fs_blog_admin":"true","options":{"replace":{"old_value":[""],"new_value":[""]}},"ai1wm_manual_export":"1","storage":"ty490mxrki40","secret_key":"xqhb5FTWuSKo","archive":"bemaxacademy.com-20180507-103152-620.wpress","priority":"150","total_files_count":"26030","total_files_size":"3765312959","file_bytes_offset":0,"filemap_bytes_offset":349429,"processed_files_size":106036307,"completed":false}

May 07 2018 10:39:20
{"action":"ai1wm_export","_fs_blog_admin":"true","options":{"replace":{"old_value":[""],"new_value":[""]}},"ai1wm_manual_export":"1","storage":"ty490mxrki40","secret_key":"xqhb5FTWuSKo","archive":"bemaxacademy.com-20180507-103152-620.wpress","priority":"150","total_files_count":"26030","total_files_size":"3765312959","file_bytes_offset":0,"filemap_bytes_offset":363340,"processed_files_size":110827148,"completed":false}

May 07 2018 10:39:38
{"action":"ai1wm_export","_fs_blog_admin":"true","options":{"replace":{"old_value":[""],"new_value":[""]}},"ai1wm_manual_export":"1","storage":"ty490mxrki40","secret_key":"xqhb5FTWuSKo","archive":"bemaxacademy.com-20180507-103152-620.wpress","priority":"150","total_files_count":"26030","total_files_size":"3765312959","file_bytes_offset":0,"filemap_bytes_offset":391759,"processed_files_size":117772673,"completed":false}

May 07 2018 10:40:03
{"action":"ai1wm_export","_fs_blog_admin":"true","options":{"replace":{"old_value":[""],"new_value":[""]}},"ai1wm_manual_export":"1","storage":"ty490mxrki40","secret_key":"xqhb5FTWuSKo","archive":"bemaxacademy.com-20180507-103152-620.wpress","priority":"150","total_files_count":"26030","total_files_size":"3765312959","file_bytes_offset":0,"filemap_bytes_offset":410237,"processed_files_size":122514833,"completed":false}

May 07 2018 10:40:21
{"action":"ai1wm_export","_fs_blog_admin":"true","options":{"replace":{"old_value":[""],"new_value":[""]}},"ai1wm_manual_export":"1","storage":"ty490mxrki40","secret_key":"xqhb5FTWuSKo","archive":"bemaxacademy.com-20180507-103152-620.wpress","priority":"150","total_files_count":"26030","total_files_size":"3765312959","file_bytes_offset":0,"filemap_bytes_offset":439289,"processed_files_size":128465697,"completed":false}

May 07 2018 10:40:41
{"action":"ai1wm_export","_fs_blog_admin":"true","options":{"replace":{"old_value":[""],"new_value":[""]}},"ai1wm_manual_export":"1","storage":"ty490mxrki40","secret_key":"xqhb5FTWuSKo","archive":"bemaxacademy.com-20180507-103152-620.wpress","priority":"150","total_files_count":"26030","total_files_size":"3765312959","file_bytes_offset":0,"filemap_bytes_offset":496713,"processed_files_size":133835060,"completed":false}

May 07 2018 10:40:58
{"action":"ai1wm_export","_fs_blog_admin":"true","options":{"replace":{"old_value":[""],"new_value":[""]}},"ai1wm_manual_export":"1","storage":"ty490mxrki40","secret_key":"xqhb5FTWuSKo","archive":"bemaxacademy.com-20180507-103152-620.wpress","priority":"150","total_files_count":"26030","total_files_size":"3765312959","file_bytes_offset":0,"filemap_bytes_offset":541498,"processed_files_size":140940326,"completed":false}

May 07 2018 10:41:16
{"action":"ai1wm_export","_fs_blog_admin":"true","options":{"replace":{"old_value":[""],"new_value":[""]}},"ai1wm_manual_export":"1","storage":"ty490mxrki40","secret_key":"xqhb5FTWuSKo","archive":"bemaxacademy.com-20180507-103152-620.wpress","priority":"150","total_files_count":"26030","total_files_size":"3765312959","file_bytes_offset":0,"filemap_bytes_offset":577274,"processed_files_size":146534403,"completed":false}

May 07 2018 10:41:32
{"action":"ai1wm_export","_fs_blog_admin":"true","options":{"replace":{"old_value":[""],"new_value":[""]}},"ai1wm_manual_export":"1","storage":"ty490mxrki40","secret_key":"xqhb5FTWuSKo","archive":"bemaxacademy.com-20180507-103152-620.wpress","priority":"150","total_files_count":"26030","total_files_size":"3765312959","file_bytes_offset":0,"filemap_bytes_offset":605630,"processed_files_size":153189569,"completed":false}

May 07 2018 10:41:48
{"action":"ai1wm_export","_fs_blog_admin":"true","options":{"replace":{"old_value":[""],"new_value":[""]}},"ai1wm_manual_export":"1","storage":"ty490mxrki40","secret_key":"xqhb5FTWuSKo","archive":"bemaxacademy.com-20180507-103152-620.wpress","priority":"150","total_files_count":"26030","total_files_size":"3765312959","file_bytes_offset":0,"filemap_bytes_offset":625395,"processed_files_size":166036311,"completed":false}

May 07 2018 10:42:06
{"action":"ai1wm_export","_fs_blog_admin":"true","options":{"replace":{"old_value":[""],"new_value":[""]}},"ai1wm_manual_export":"1","storage":"ty490mxrki40","secret_key":"xqhb5FTWuSKo","archive":"bemaxacademy.com-20180507-103152-620.wpress","priority":"150","total_files_count":"26030","total_files_size":"3765312959","file_bytes_offset":0,"filemap_bytes_offset":642130,"processed_files_size":169938977,"completed":false}

May 07 2018 10:42:24
{"action":"ai1wm_export","_fs_blog_admin":"true","options":{"replace":{"old_value":[""],"new_value":[""]}},"ai1wm_manual_export":"1","storage":"ty490mxrki40","secret_key":"xqhb5FTWuSKo","archive":"bemaxacademy.com-20180507-103152-620.wpress","priority":"150","total_files_count":"26030","total_files_size":"3765312959","file_bytes_offset":0,"filemap_bytes_offset":656041,"processed_files_size":176664303,"completed":false}

May 07 2018 10:42:41
{"action":"ai1wm_export","_fs_blog_admin":"true","options":{"replace":{"old_value":[""],"new_value":[""]}},"ai1wm_manual_export":"1","storage":"ty490mxrki40","secret_key":"xqhb5FTWuSKo","archive":"bemaxacademy.com-20180507-103152-620.wpress","priority":"150","total_files_count":"26030","total_files_size":"3765312959","file_bytes_offset":0,"filemap_bytes_offset":672339,"processed_files_size":179298804,"completed":false}

May 07 2018 10:42:58
{"action":"ai1wm_export","_fs_blog_admin":"true","options":{"replace":{"old_value":[""],"new_value":[""]}},"ai1wm_manual_export":"1","storage":"ty490mxrki40","secret_key":"xqhb5FTWuSKo","archive":"bemaxacademy.com-20180507-103152-620.wpress","priority":"150","total_files_count":"26030","total_files_size":"3765312959","file_bytes_offset":0,"filemap_bytes_offset":692060,"processed_files_size":180652026,"completed":false}

May 07 2018 10:43:16
{"action":"ai1wm_export","_fs_blog_admin":"true","options":{"replace":{"old_value":[""],"new_value":[""]}},"ai1wm_manual_export":"1","storage":"ty490mxrki40","secret_key":"xqhb5FTWuSKo","archive":"bemaxacademy.com-20180507-103152-620.wpress","priority":"150","total_files_count":"26030","total_files_size":"3765312959","file_bytes_offset":0,"filemap_bytes_offset":717309,"processed_files_size":181469714,"completed":false}

May 07 2018 10:43:35
{"action":"ai1wm_export","_fs_blog_admin":"true","options":{"replace":{"old_value":[""],"new_value":[""]}},"ai1wm_manual_export":"1","storage":"ty490mxrki40","secret_key":"xqhb5FTWuSKo","archive":"bemaxacademy.com-20180507-103152-620.wpress","priority":"150","total_files_count":"26030","total_files_size":"3765312959","file_bytes_offset":0,"filemap_bytes_offset":731236,"processed_files_size":182192816,"completed":false}

May 07 2018 10:43:53
{"action":"ai1wm_export","_fs_blog_admin":"true","options":{"replace":{"old_value":[""],"new_value":[""]}},"ai1wm_manual_export":"1","storage":"ty490mxrki40","secret_key":"xqhb5FTWuSKo","archive":"bemaxacademy.com-20180507-103152-620.wpress","priority":"150","total_files_count":"26030","total_files_size":"3765312959","file_bytes_offset":0,"filemap_bytes_offset":756074,"processed_files_size":188542571,"completed":false}

May 07 2018 10:44:10
{"action":"ai1wm_export","_fs_blog_admin":"true","options":{"replace":{"old_value":[""],"new_value":[""]}},"ai1wm_manual_export":"1","storage":"ty490mxrki40","secret_key":"xqhb5FTWuSKo","archive":"bemaxacademy.com-20180507-103152-620.wpress","priority":"150","total_files_count":"26030","total_files_size":"3765312959","file_bytes_offset":0,"filemap_bytes_offset":761154,"processed_files_size":196830903,"completed":false}

May 07 2018 10:44:30
{"action":"ai1wm_export","_fs_blog_admin":"true","options":{"replace":{"old_value":[""],"new_value":[""]}},"ai1wm_manual_export":"1","storage":"ty490mxrki40","secret_key":"xqhb5FTWuSKo","archive":"bemaxacademy.com-20180507-103152-620.wpress","priority":"150","total_files_count":"26030","total_files_size":"3765312959","file_bytes_offset":0,"filemap_bytes_offset":780692,"processed_files_size":201249895,"completed":false}

May 07 2018 10:44:46
{"action":"ai1wm_export","_fs_blog_admin":"true","options":{"replace":{"old_value":[""],"new_value":[""]}},"ai1wm_manual_export":"1","storage":"ty490mxrki40","secret_key":"xqhb5FTWuSKo","archive":"bemaxacademy.com-20180507-103152-620.wpress","priority":"150","total_files_count":"26030","total_files_size":"3765312959","file_bytes_offset":0,"filemap_bytes_offset":803609,"processed_files_size":204991993,"completed":false}

May 07 2018 10:45:05
{"action":"ai1wm_export","_fs_blog_admin":"true","options":{"replace":{"old_value":[""],"new_value":[""]}},"ai1wm_manual_export":"1","storage":"ty490mxrki40","secret_key":"xqhb5FTWuSKo","archive":"bemaxacademy.com-20180507-103152-620.wpress","priority":"150","total_files_count":"26030","total_files_size":"3765312959","file_bytes_offset":0,"filemap_bytes_offset":825734,"processed_files_size":211558015,"completed":false}

May 07 2018 10:45:27
{"action":"ai1wm_export","_fs_blog_admin":"true","options":{"replace":{"old_value":[""],"new_value":[""]}},"ai1wm_manual_export":"1","storage":"ty490mxrki40","secret_key":"xqhb5FTWuSKo","archive":"bemaxacademy.com-20180507-103152-620.wpress","priority":"150","total_files_count":"26030","total_files_size":"3765312959","file_bytes_offset":0,"filemap_bytes_offset":831994,"processed_files_size":218297247,"completed":false}

May 07 2018 10:45:45
{"action":"ai1wm_export","_fs_blog_admin":"true","options":{"replace":{"old_value":[""],"new_value":[""]}},"ai1wm_manual_export":"1","storage":"ty490mxrki40","secret_key":"xqhb5FTWuSKo","archive":"bemaxacademy.com-20180507-103152-620.wpress","priority":"150","total_files_count":"26030","total_files_size":"3765312959","file_bytes_offset":0,"filemap_bytes_offset":837446,"processed_files_size":226831215,"completed":false}

May 07 2018 10:46:06
{"action":"ai1wm_export","_fs_blog_admin":"true","options":{"replace":{"old_value":[""],"new_value":[""]}},"ai1wm_manual_export":"1","storage":"ty490mxrki40","secret_key":"xqhb5FTWuSKo","archive":"bemaxacademy.com-20180507-103152-620.wpress","priority":"150","total_files_count":"26030","total_files_size":"3765312959","file_bytes_offset":25088000,"filemap_bytes_offset":837648,"processed_files_size":252023993,"completed":false}

May 07 2018 10:46:25
{"action":"ai1wm_export","_fs_blog_admin":"true","options":{"replace":{"old_value":[""],"new_value":[""]}},"ai1wm_manual_export":"1","storage":"ty490mxrki40","secret_key":"xqhb5FTWuSKo","archive":"bemaxacademy.com-20180507-103152-620.wpress","priority":"150","total_files_count":"26030","total_files_size":"3765312959","file_bytes_offset":75776000,"filemap_bytes_offset":837648,"processed_files_size":302711993,"completed":false}

May 07 2018 10:46:47
{"action":"ai1wm_export","_fs_blog_admin":"true","options":{"replace":{"old_value":[""],"new_value":[""]}},"ai1wm_manual_export":"1","storage":"ty490mxrki40","secret_key":"xqhb5FTWuSKo","archive":"bemaxacademy.com-20180507-103152-620.wpress","priority":"150","total_files_count":"26030","total_files_size":"3765312959","file_bytes_offset":102400000,"filemap_bytes_offset":837648,"processed_files_size":329335993,"completed":false}

May 07 2018 10:47:09
{"action":"ai1wm_export","_fs_blog_admin":"true","options":{"replace":{"old_value":[""],"new_value":[""]}},"ai1wm_manual_export":"1","storage":"ty490mxrki40","secret_key":"xqhb5FTWuSKo","archive":"bemaxacademy.com-20180507-103152-620.wpress","priority":"150","total_files_count":"26030","total_files_size":"3765312959","file_bytes_offset":130048000,"filemap_bytes_offset":837648,"processed_files_size":356983993,"completed":false}

May 07 2018 10:47:29
{"action":"ai1wm_export","_fs_blog_admin":"true","options":{"replace":{"old_value":[""],"new_value":[""]}},"ai1wm_manual_export":"1","storage":"ty490mxrki40","secret_key":"xqhb5FTWuSKo","archive":"bemaxacademy.com-20180507-103152-620.wpress","priority":"150","total_files_count":"26030","total_files_size":"3765312959","file_bytes_offset":182784000,"filemap_bytes_offset":837648,"processed_files_size":409719993,"completed":false}

May 07 2018 10:47:55
{"action":"ai1wm_export","_fs_blog_admin":"true","options":{"replace":{"old_value":[""],"new_value":[""]}},"ai1wm_manual_export":"1","storage":"ty490mxrki40","secret_key":"xqhb5FTWuSKo","archive":"bemaxacademy.com-20180507-103152-620.wpress","priority":"150","total_files_count":"26030","total_files_size":"3765312959","file_bytes_offset":214528000,"filemap_bytes_offset":837648,"processed_files_size":441463993,"completed":false}

May 07 2018 10:48:14
{"action":"ai1wm_export","_fs_blog_admin":"true","options":{"replace":{"old_value":[""],"new_value":[""]}},"ai1wm_manual_export":"1","storage":"ty490mxrki40","secret_key":"xqhb5FTWuSKo","archive":"bemaxacademy.com-20180507-103152-620.wpress","priority":"150","total_files_count":"26030","total_files_size":"3765312959","file_bytes_offset":259584000,"filemap_bytes_offset":837648,"processed_files_size":486519993,"completed":false}

May 07 2018 10:48:36
{"action":"ai1wm_export","_fs_blog_admin":"true","options":{"replace":{"old_value":[""],"new_value":[""]}},"ai1wm_manual_export":"1","storage":"ty490mxrki40","secret_key":"xqhb5FTWuSKo","archive":"bemaxacademy.com-20180507-103152-620.wpress","priority":"150","total_files_count":"26030","total_files_size":"3765312959","file_bytes_offset":313344000,"filemap_bytes_offset":837648,"processed_files_size":540279993,"completed":false}

May 07 2018 10:48:56
{"action":"ai1wm_export","_fs_blog_admin":"true","options":{"replace":{"old_value":[""],"new_value":[""]}},"ai1wm_manual_export":"1","storage":"ty490mxrki40","secret_key":"xqhb5FTWuSKo","archive":"bemaxacademy.com-20180507-103152-620.wpress","priority":"150","total_files_count":"26030","total_files_size":"3765312959","file_bytes_offset":341504000,"filemap_bytes_offset":837648,"processed_files_size":568439993,"completed":false}

May 07 2018 10:49:16
{"action":"ai1wm_export","_fs_blog_admin":"true","options":{"replace":{"old_value":[""],"new_value":[""]}},"ai1wm_manual_export":"1","storage":"ty490mxrki40","secret_key":"xqhb5FTWuSKo","archive":"bemaxacademy.com-20180507-103152-620.wpress","priority":"150","total_files_count":"26030","total_files_size":"3765312959","file_bytes_offset":374272000,"filemap_bytes_offset":837648,"processed_files_size":601207993,"completed":false}

May 07 2018 10:49:36
{"action":"ai1wm_export","_fs_blog_admin":"true","options":{"replace":{"old_value":[""],"new_value":[""]}},"ai1wm_manual_export":"1","storage":"ty490mxrki40","secret_key":"xqhb5FTWuSKo","archive":"bemaxacademy.com-20180507-103152-620.wpress","priority":"150","total_files_count":"26030","total_files_size":"3765312959","file_bytes_offset":417792000,"filemap_bytes_offset":837648,"processed_files_size":644727993,"completed":false}

May 07 2018 10:49:59
{"action":"ai1wm_export","_fs_blog_admin":"true","options":{"replace":{"old_value":[""],"new_value":[""]}},"ai1wm_manual_export":"1","storage":"ty490mxrki40","secret_key":"xqhb5FTWuSKo","archive":"bemaxacademy.com-20180507-103152-620.wpress","priority":"150","total_files_count":"26030","total_files_size":"3765312959","file_bytes_offset":23040000,"filemap_bytes_offset":837718,"processed_files_size":668651524,"completed":false}

May 07 2018 10:50:20
{"action":"ai1wm_export","_fs_blog_admin":"true","options":{"replace":{"old_value":[""],"new_value":[""]}},"ai1wm_manual_export":"1","storage":"ty490mxrki40","secret_key":"xqhb5FTWuSKo","archive":"bemaxacademy.com-20180507-103152-620.wpress","priority":"150","total_files_count":"26030","total_files_size":"3765312959","file_bytes_offset":27136000,"filemap_bytes_offset":837818,"processed_files_size":700897913,"completed":false}

May 07 2018 10:50:44
{"action":"ai1wm_export","_fs_blog_admin":"true","options":{"replace":{"old_value":[""],"new_value":[""]}},"ai1wm_manual_export":"1","storage":"ty490mxrki40","secret_key":"xqhb5FTWuSKo","archive":"bemaxacademy.com-20180507-103152-620.wpress","priority":"150","total_files_count":"26030","total_files_size":"3765312959","file_bytes_offset":0,"filemap_bytes_offset":837956,"processed_files_size":757509105,"completed":false}

May 07 2018 10:51:04
{"action":"ai1wm_export","_fs_blog_admin":"true","options":{"replace":{"old_value":[""],"new_value":[""]}},"ai1wm_manual_export":"1","storage":"ty490mxrki40","secret_key":"xqhb5FTWuSKo","archive":"bemaxacademy.com-20180507-103152-620.wpress","priority":"150","total_files_count":"26030","total_files_size":"3765312959","file_bytes_offset":16896000,"filemap_bytes_offset":837985,"processed_files_size":774671785,"completed":false}

May 07 2018 10:51:22
{"action":"ai1wm_export","_fs_blog_admin":"true","options":{"replace":{"old_value":[""],"new_value":[""]}},"ai1wm_manual_export":"1","storage":"ty490mxrki40","secret_key":"xqhb5FTWuSKo","archive":"bemaxacademy.com-20180507-103152-620.wpress","priority":"150","total_files_count":"26030","total_files_size":"3765312959","file_bytes_offset":44032000,"filemap_bytes_offset":837985,"processed_files_size":801807785,"completed":false}

May 07 2018 10:51:48
{"action":"ai1wm_export","_fs_blog_admin":"true","options":{"replace":{"old_value":[""],"new_value":[""]}},"ai1wm_manual_export":"1","storage":"ty490mxrki40","secret_key":"xqhb5FTWuSKo","archive":"bemaxacademy.com-20180507-103152-620.wpress","priority":"150","total_files_count":"26030","total_files_size":"3765312959","file_bytes_offset":0,"filemap_bytes_offset":838188,"processed_files_size":876908105,"completed":false}

May 07 2018 10:52:20
{"action":"ai1wm_export","_fs_blog_admin":"true","options":{"replace":{"old_value":[""],"new_value":[""]}},"ai1wm_manual_export":"1","storage":"ty490mxrki40","secret_key":"xqhb5FTWuSKo","archive":"bemaxacademy.com-20180507-103152-620.wpress","priority":"150","total_files_count":"26030","total_files_size":"3765312959","file_bytes_offset":0,"filemap_bytes_offset":838379,"processed_files_size":933488161,"completed":false}

May 07 2018 10:52:45
{"action":"ai1wm_export","_fs_blog_admin":"true","options":{"replace":{"old_value":[""],"new_value":[""]}},"ai1wm_manual_export":"1","storage":"ty490mxrki40","secret_key":"xqhb5FTWuSKo","archive":"bemaxacademy.com-20180507-103152-620.wpress","priority":"150","total_files_count":"26030","total_files_size":"3765312959","file_bytes_offset":13312000,"filemap_bytes_offset":838379,"processed_files_size":946800161,"completed":false}

May 07 2018 10:53:06
{"action":"ai1wm_export","_fs_blog_admin":"true","options":{"replace":{"old_value":[""],"new_value":[""]}},"ai1wm_manual_export":"1","storage":"ty490mxrki40","secret_key":"xqhb5FTWuSKo","archive":"bemaxacademy.com-20180507-103152-620.wpress","priority":"150","total_files_count":"26030","total_files_size":"3765312959","file_bytes_offset":45568000,"filemap_bytes_offset":838379,"processed_files_size":979056161,"completed":false}

May 07 2018 10:53:27
{"action":"ai1wm_export","_fs_blog_admin":"true","options":{"replace":{"old_value":[""],"new_value":[""]}},"ai1wm_manual_export":"1","storage":"ty490mxrki40","secret_key":"xqhb5FTWuSKo","archive":"bemaxacademy.com-20180507-103152-620.wpress","priority":"150","total_files_count":"26030","total_files_size":"3765312959","file_bytes_offset":95232000,"filemap_bytes_offset":838379,"processed_files_size":1028720161,"completed":false}

May 07 2018 10:53:49
{"action":"ai1wm_export","_fs_blog_admin":"true","options":{"replace":{"old_value":[""],"new_value":[""]}},"ai1wm_manual_export":"1","storage":"ty490mxrki40","secret_key":"xqhb5FTWuSKo","archive":"bemaxacademy.com-20180507-103152-620.wpress","priority":"150","total_files_count":"26030","total_files_size":"3765312959","file_bytes_offset":126976000,"filemap_bytes_offset":838379,"processed_files_size":1060464161,"completed":false}

May 07 2018 10:54:09
{"action":"ai1wm_export","_fs_blog_admin":"true","options":{"replace":{"old_value":[""],"new_value":[""]}},"ai1wm_manual_export":"1","storage":"ty490mxrki40","secret_key":"xqhb5FTWuSKo","archive":"bemaxacademy.com-20180507-103152-620.wpress","priority":"150","total_files_count":"26030","total_files_size":"3765312959","file_bytes_offset":145920000,"filemap_bytes_offset":838379,"processed_files_size":1079408161,"completed":false}

May 07 2018 10:54:26
{"action":"ai1wm_export","_fs_blog_admin":"true","options":{"replace":{"old_value":[""],"new_value":[""]}},"ai1wm_manual_export":"1","storage":"ty490mxrki40","secret_key":"xqhb5FTWuSKo","archive":"bemaxacademy.com-20180507-103152-620.wpress","priority":"150","total_files_count":"26030","total_files_size":"3765312959","file_bytes_offset":190464000,"filemap_bytes_offset":838379,"processed_files_size":1123952161,"completed":false}

May 07 2018 10:54:51
{"action":"ai1wm_export","_fs_blog_admin":"true","options":{"replace":{"old_value":[""],"new_value":[""]}},"ai1wm_manual_export":"1","storage":"ty490mxrki40","secret_key":"xqhb5FTWuSKo","archive":"bemaxacademy.com-20180507-103152-620.wpress","priority":"150","total_files_count":"26030","total_files_size":"3765312959","file_bytes_offset":238592000,"filemap_bytes_offset":838379,"processed_files_size":1172080161,"completed":false}

May 07 2018 10:55:14
{"action":"ai1wm_export","_fs_blog_admin":"true","options":{"replace":{"old_value":[""],"new_value":[""]}},"ai1wm_manual_export":"1","storage":"ty490mxrki40","secret_key":"xqhb5FTWuSKo","archive":"bemaxacademy.com-20180507-103152-620.wpress","priority":"150","total_files_count":"26030","total_files_size":"3765312959","file_bytes_offset":259584000,"filemap_bytes_offset":838379,"processed_files_size":1193072161,"completed":false}

May 07 2018 10:55:34
{"action":"ai1wm_export","_fs_blog_admin":"true","options":{"replace":{"old_value":[""],"new_value":[""]}},"ai1wm_manual_export":"1","storage":"ty490mxrki40","secret_key":"xqhb5FTWuSKo","archive":"bemaxacademy.com-20180507-103152-620.wpress","priority":"150","total_files_count":"26030","total_files_size":"3765312959","file_bytes_offset":287744000,"filemap_bytes_offset":838379,"processed_files_size":1221232161,"completed":false}

May 07 2018 10:55:54
{"action":"ai1wm_export","_fs_blog_admin":"true","options":{"replace":{"old_value":[""],"new_value":[""]}},"ai1wm_manual_export":"1","storage":"ty490mxrki40","secret_key":"xqhb5FTWuSKo","archive":"bemaxacademy.com-20180507-103152-620.wpress","priority":"150","total_files_count":"26030","total_files_size":"3765312959","file_bytes_offset":343552000,"filemap_bytes_offset":838379,"processed_files_size":1277040161,"completed":false}

May 07 2018 10:56:19
{"action":"ai1wm_export","_fs_blog_admin":"true","options":{"replace":{"old_value":[""],"new_value":[""]}},"ai1wm_manual_export":"1","storage":"ty490mxrki40","secret_key":"xqhb5FTWuSKo","archive":"bemaxacademy.com-20180507-103152-620.wpress","priority":"150","total_files_count":"26030","total_files_size":"3765312959","file_bytes_offset":377344000,"filemap_bytes_offset":838379,"processed_files_size":1310832161,"completed":false}

May 07 2018 10:56:47
{"action":"ai1wm_export","_fs_blog_admin":"true","options":{"replace":{"old_value":[""],"new_value":[""]}},"ai1wm_manual_export":"1","storage":"ty490mxrki40","secret_key":"xqhb5FTWuSKo","archive":"bemaxacademy.com-20180507-103152-620.wpress","priority":"150","total_files_count":"26030","total_files_size":"3765312959","file_bytes_offset":28160000,"filemap_bytes_offset":838467,"processed_files_size":1378896769,"completed":false}

May 07 2018 10:57:08
{"action":"ai1wm_export","_fs_blog_admin":"true","options":{"replace":{"old_value":[""],"new_value":[""]}},"ai1wm_manual_export":"1","storage":"ty490mxrki40","secret_key":"xqhb5FTWuSKo","archive":"bemaxacademy.com-20180507-103152-620.wpress","priority":"150","total_files_count":"26030","total_files_size":"3765312959","file_bytes_offset":38912000,"filemap_bytes_offset":838538,"processed_files_size":1418898627,"completed":false}

May 07 2018 10:57:29
{"action":"ai1wm_export","_fs_blog_admin":"true","options":{"replace":{"old_value":[""],"new_value":[""]}},"ai1wm_manual_export":"1","storage":"ty490mxrki40","secret_key":"xqhb5FTWuSKo","archive":"bemaxacademy.com-20180507-103152-620.wpress","priority":"150","total_files_count":"26030","total_files_size":"3765312959","file_bytes_offset":36864000,"filemap_bytes_offset":838602,"processed_files_size":1456165596,"completed":false}

May 07 2018 10:57:54
{"action":"ai1wm_export","_fs_blog_admin":"true","options":{"replace":{"old_value":[""],"new_value":[""]}},"ai1wm_manual_export":"1","storage":"ty490mxrki40","secret_key":"xqhb5FTWuSKo","archive":"bemaxacademy.com-20180507-103152-620.wpress","priority":"150","total_files_count":"26030","total_files_size":"3765312959","file_bytes_offset":11776000,"filemap_bytes_offset":838878,"processed_files_size":1488473206,"completed":false}

May 07 2018 10:58:12
{"action":"ai1wm_export","_fs_blog_admin":"true","options":{"replace":{"old_value":[""],"new_value":[""]}},"ai1wm_manual_export":"1","storage":"ty490mxrki40","secret_key":"xqhb5FTWuSKo","archive":"bemaxacademy.com-20180507-103152-620.wpress","priority":"150","total_files_count":"26030","total_files_size":"3765312959","file_bytes_offset":56832000,"filemap_bytes_offset":838878,"processed_files_size":1533529206,"completed":false}

May 07 2018 10:58:38
{"action":"ai1wm_export","_fs_blog_admin":"true","options":{"replace":{"old_value":[""],"new_value":[""]}},"ai1wm_manual_export":"1","storage":"ty490mxrki40","secret_key":"xqhb5FTWuSKo","archive":"bemaxacademy.com-20180507-103152-620.wpress","priority":"150","total_files_count":"26030","total_files_size":"3765312959","file_bytes_offset":0,"filemap_bytes_offset":839012,"processed_files_size":1579367092,"completed":false}

May 07 2018 10:58:56
{"action":"ai1wm_export","_fs_blog_admin":"true","options":{"replace":{"old_value":[""],"new_value":[""]}},"ai1wm_manual_export":"1","storage":"ty490mxrki40","secret_key":"xqhb5FTWuSKo","archive":"bemaxacademy.com-20180507-103152-620.wpress","priority":"150","total_files_count":"26030","total_files_size":"3765312959","file_bytes_offset":12288000,"filemap_bytes_offset":839041,"processed_files_size":1591847860,"completed":false}

May 07 2018 10:59:17
{"action":"ai1wm_export","_fs_blog_admin":"true","options":{"replace":{"old_value":[""],"new_value":[""]}},"ai1wm_manual_export":"1","storage":"ty490mxrki40","secret_key":"xqhb5FTWuSKo","archive":"bemaxacademy.com-20180507-103152-620.wpress","priority":"150","total_files_count":"26030","total_files_size":"3765312959","file_bytes_offset":0,"filemap_bytes_offset":839180,"processed_files_size":1657534005,"completed":false}

May 07 2018 10:59:51
{"action":"ai1wm_export","_fs_blog_admin":"true","options":{"replace":{"old_value":[""],"new_value":[""]}},"ai1wm_manual_export":"1","storage":"ty490mxrki40","secret_key":"xqhb5FTWuSKo","archive":"bemaxacademy.com-20180507-103152-620.wpress","priority":"150","total_files_count":"26030","total_files_size":"3765312959","file_bytes_offset":0,"filemap_bytes_offset":839342,"processed_files_size":1740611561,"completed":false}

May 07 2018 11:00:28
{"action":"ai1wm_export","_fs_blog_admin":"true","options":{"replace":{"old_value":[""],"new_value":[""]}},"ai1wm_manual_export":"1","storage":"ty490mxrki40","secret_key":"xqhb5FTWuSKo","archive":"bemaxacademy.com-20180507-103152-620.wpress","priority":"150","total_files_count":"26030","total_files_size":"3765312959","file_bytes_offset":38912000,"filemap_bytes_offset":839342,"processed_files_size":1779523561,"completed":false}

May 07 2018 11:00:48
{"action":"ai1wm_export","_fs_blog_admin":"true","options":{"replace":{"old_value":[""],"new_value":[""]}},"ai1wm_manual_export":"1","storage":"ty490mxrki40","secret_key":"xqhb5FTWuSKo","archive":"bemaxacademy.com-20180507-103152-620.wpress","priority":"150","total_files_count":"26030","total_files_size":"3765312959","file_bytes_offset":34304000,"filemap_bytes_offset":839411,"processed_files_size":1816789122,"completed":false}

May 07 2018 11:01:13
{"action":"ai1wm_export","_fs_blog_admin":"true","options":{"replace":{"old_value":[""],"new_value":[""]}},"ai1wm_manual_export":"1","storage":"ty490mxrki40","secret_key":"xqhb5FTWuSKo","archive":"bemaxacademy.com-20180507-103152-620.wpress","priority":"150","total_files_count":"26030","total_files_size":"3765312959","file_bytes_offset":66048000,"filemap_bytes_offset":839411,"processed_files_size":1848533122,"completed":false}

May 07 2018 11:01:33
{"action":"ai1wm_export","_fs_blog_admin":"true","options":{"replace":{"old_value":[""],"new_value":[""]}},"ai1wm_manual_export":"1","storage":"ty490mxrki40","secret_key":"xqhb5FTWuSKo","archive":"bemaxacademy.com-20180507-103152-620.wpress","priority":"150","total_files_count":"26030","total_files_size":"3765312959","file_bytes_offset":93696000,"filemap_bytes_offset":839411,"processed_files_size":1876181122,"completed":false}

May 07 2018 11:01:54
{"action":"ai1wm_export","_fs_blog_admin":"true","options":{"replace":{"old_value":[""],"new_value":[""]}},"ai1wm_manual_export":"1","storage":"ty490mxrki40","secret_key":"xqhb5FTWuSKo","archive":"bemaxacademy.com-20180507-103152-620.wpress","priority":"150","total_files_count":"26030","total_files_size":"3765312959","file_bytes_offset":145920000,"filemap_bytes_offset":839411,"processed_files_size":1928405122,"completed":false}

May 07 2018 11:02:18
{"action":"ai1wm_export","_fs_blog_admin":"true","options":{"replace":{"old_value":[""],"new_value":[""]}},"ai1wm_manual_export":"1","storage":"ty490mxrki40","secret_key":"xqhb5FTWuSKo","archive":"bemaxacademy.com-20180507-103152-620.wpress","priority":"150","total_files_count":"26030","total_files_size":"3765312959","file_bytes_offset":195584000,"filemap_bytes_offset":839411,"processed_files_size":1978069122,"completed":false}

May 07 2018 11:02:36
{"action":"ai1wm_export","_fs_blog_admin":"true","options":{"replace":{"old_value":[""],"new_value":[""]}},"ai1wm_manual_export":"1","storage":"ty490mxrki40","secret_key":"xqhb5FTWuSKo","archive":"bemaxacademy.com-20180507-103152-620.wpress","priority":"150","total_files_count":"26030","total_files_size":"3765312959","file_bytes_offset":207872000,"filemap_bytes_offset":839411,"processed_files_size":1990357122,"completed":false}

May 07 2018 11:02:55
{"action":"ai1wm_export","_fs_blog_admin":"true","options":{"replace":{"old_value":[""],"new_value":[""]}},"ai1wm_manual_export":"1","storage":"ty490mxrki40","secret_key":"xqhb5FTWuSKo","archive":"bemaxacademy.com-20180507-103152-620.wpress","priority":"150","total_files_count":"26030","total_files_size":"3765312959","file_bytes_offset":256512000,"filemap_bytes_offset":839411,"processed_files_size":2038997122,"completed":false}

May 07 2018 11:03:16
{"action":"ai1wm_export","_fs_blog_admin":"true","options":{"replace":{"old_value":[""],"new_value":[""]}},"ai1wm_manual_export":"1","storage":"ty490mxrki40","secret_key":"xqhb5FTWuSKo","archive":"bemaxacademy.com-20180507-103152-620.wpress","priority":"150","total_files_count":"26030","total_files_size":"3765312959","file_bytes_offset":294400000,"filemap_bytes_offset":839411,"processed_files_size":2076885122,"completed":false}

May 07 2018 11:03:41
{"action":"ai1wm_export","_fs_blog_admin":"true","options":{"replace":{"old_value":[""],"new_value":[""]}},"ai1wm_manual_export":"1","storage":"ty490mxrki40","secret_key":"xqhb5FTWuSKo","archive":"bemaxacademy.com-20180507-103152-620.wpress","priority":"150","total_files_count":"26030","total_files_size":"3765312959","file_bytes_offset":331264000,"filemap_bytes_offset":839411,"processed_files_size":2113749122,"completed":false}

May 07 2018 11:04:00
{"action":"ai1wm_export","_fs_blog_admin":"true","options":{"replace":{"old_value":[""],"new_value":[""]}},"ai1wm_manual_export":"1","storage":"ty490mxrki40","secret_key":"xqhb5FTWuSKo","archive":"bemaxacademy.com-20180507-103152-620.wpress","priority":"150","total_files_count":"26030","total_files_size":"3765312959","file_bytes_offset":365568000,"filemap_bytes_offset":839411,"processed_files_size":2148053122,"completed":false}

May 07 2018 11:04:24
{"action":"ai1wm_export","_fs_blog_admin":"true","options":{"replace":{"old_value":[""],"new_value":[""]}},"ai1wm_manual_export":"1","storage":"ty490mxrki40","secret_key":"xqhb5FTWuSKo","archive":"bemaxacademy.com-20180507-103152-620.wpress","priority":"150","total_files_count":"26030","total_files_size":"3765312959","file_bytes_offset":398336000,"filemap_bytes_offset":839411,"processed_files_size":2180821122,"completed":false}

May 07 2018 11:04:53
{"action":"ai1wm_export","_fs_blog_admin":"true","options":{"replace":{"old_value":[""],"new_value":[""]}},"ai1wm_manual_export":"1","storage":"ty490mxrki40","secret_key":"xqhb5FTWuSKo","archive":"bemaxacademy.com-20180507-103152-620.wpress","priority":"150","total_files_count":"26030","total_files_size":"3765312959","file_bytes_offset":31232000,"filemap_bytes_offset":839481,"processed_files_size":2230403720,"completed":false}

May 07 2018 11:05:13
{"action":"ai1wm_export","_fs_blog_admin":"true","options":{"replace":{"old_value":[""],"new_value":[""]}},"ai1wm_manual_export":"1","storage":"ty490mxrki40","secret_key":"xqhb5FTWuSKo","archive":"bemaxacademy.com-20180507-103152-620.wpress","priority":"150","total_files_count":"26030","total_files_size":"3765312959","file_bytes_offset":43008000,"filemap_bytes_offset":839481,"processed_files_size":2242179720,"completed":false}

May 07 2018 11:05:51
{"action":"ai1wm_export","_fs_blog_admin":"true","options":{"replace":{"old_value":[""],"new_value":[""]}},"ai1wm_manual_export":"1","storage":"ty490mxrki40","secret_key":"xqhb5FTWuSKo","archive":"bemaxacademy.com-20180507-103152-620.wpress","priority":"150","total_files_count":"26030","total_files_size":"3765312959","file_bytes_offset":50176000,"filemap_bytes_offset":839551,"processed_files_size":2312417264,"completed":false}

May 07 2018 11:06:17
{"action":"ai1wm_export","_fs_blog_admin":"true","options":{"replace":{"old_value":[""],"new_value":[""]}},"ai1wm_manual_export":"1","storage":"ty490mxrki40","secret_key":"xqhb5FTWuSKo","archive":"bemaxacademy.com-20180507-103152-620.wpress","priority":"150","total_files_count":"26030","total_files_size":"3765312959","file_bytes_offset":54784000,"filemap_bytes_offset":839551,"processed_files_size":2317025264,"completed":false}

May 07 2018 11:06:36
{"action":"ai1wm_export","_fs_blog_admin":"true","options":{"replace":{"old_value":[""],"new_value":[""]}},"ai1wm_manual_export":"1","storage":"ty490mxrki40","secret_key":"xqhb5FTWuSKo","archive":"bemaxacademy.com-20180507-103152-620.wpress","priority":"150","total_files_count":"26030","total_files_size":"3765312959","file_bytes_offset":103936000,"filemap_bytes_offset":839551,"processed_files_size":2366177264,"completed":false}

May 07 2018 11:07:00
{"action":"ai1wm_export","_fs_blog_admin":"true","options":{"replace":{"old_value":[""],"new_value":[""]}},"ai1wm_manual_export":"1","storage":"ty490mxrki40","secret_key":"xqhb5FTWuSKo","archive":"bemaxacademy.com-20180507-103152-620.wpress","priority":"150","total_files_count":"26030","total_files_size":"3765312959","file_bytes_offset":153088000,"filemap_bytes_offset":839551,"processed_files_size":2415329264,"completed":false}

May 07 2018 11:07:18
{"action":"ai1wm_export","_fs_blog_admin":"true","options":{"replace":{"old_value":[""],"new_value":[""]}},"ai1wm_manual_export":"1","storage":"ty490mxrki40","secret_key":"xqhb5FTWuSKo","archive":"bemaxacademy.com-20180507-103152-620.wpress","priority":"150","total_files_count":"26030","total_files_size":"3765312959","file_bytes_offset":160768000,"filemap_bytes_offset":839551,"processed_files_size":2423009264,"completed":false}

May 07 2018 11:07:34
{"action":"ai1wm_export","_fs_blog_admin":"true","options":{"replace":{"old_value":[""],"new_value":[""]}},"ai1wm_manual_export":"1","storage":"ty490mxrki40","secret_key":"xqhb5FTWuSKo","archive":"bemaxacademy.com-20180507-103152-620.wpress","priority":"150","total_files_count":"26030","total_files_size":"3765312959","file_bytes_offset":201216000,"filemap_bytes_offset":839551,"processed_files_size":2463457264,"completed":false}

May 07 2018 11:07:58
{"action":"ai1wm_export","_fs_blog_admin":"true","options":{"replace":{"old_value":[""],"new_value":[""]}},"ai1wm_manual_export":"1","storage":"ty490mxrki40","secret_key":"xqhb5FTWuSKo","archive":"bemaxacademy.com-20180507-103152-620.wpress","priority":"150","total_files_count":"26030","total_files_size":"3765312959","file_bytes_offset":246784000,"filemap_bytes_offset":839551,"processed_files_size":2509025264,"completed":false}

May 07 2018 11:08:21
{"action":"ai1wm_export","_fs_blog_admin":"true","options":{"replace":{"old_value":[""],"new_value":[""]}},"ai1wm_manual_export":"1","storage":"ty490mxrki40","secret_key":"xqhb5FTWuSKo","archive":"bemaxacademy.com-20180507-103152-620.wpress","priority":"150","total_files_count":"26030","total_files_size":"3765312959","file_bytes_offset":273408000,"filemap_bytes_offset":839551,"processed_files_size":2535649264,"completed":false}

May 07 2018 11:08:49
{"action":"ai1wm_export","_fs_blog_admin":"true","options":{"replace":{"old_value":[""],"new_value":[""]}},"ai1wm_manual_export":"1","storage":"ty490mxrki40","secret_key":"xqhb5FTWuSKo","archive":"bemaxacademy.com-20180507-103152-620.wpress","priority":"150","total_files_count":"26030","total_files_size":"3765312959","file_bytes_offset":303616000,"filemap_bytes_offset":839551,"processed_files_size":2565857264,"completed":false}

May 07 2018 11:09:18
{"action":"ai1wm_export","_fs_blog_admin":"true","options":{"replace":{"old_value":[""],"new_value":[""]}},"ai1wm_manual_export":"1","storage":"ty490mxrki40","secret_key":"xqhb5FTWuSKo","archive":"bemaxacademy.com-20180507-103152-620.wpress","priority":"150","total_files_count":"26030","total_files_size":"3765312959","file_bytes_offset":330240000,"filemap_bytes_offset":839551,"processed_files_size":2592481264,"completed":false}

May 07 2018 11:09:41
{"action":"ai1wm_export","_fs_blog_admin":"true","options":{"replace":{"old_value":[""],"new_value":[""]}},"ai1wm_manual_export":"1","storage":"ty490mxrki40","secret_key":"xqhb5FTWuSKo","archive":"bemaxacademy.com-20180507-103152-620.wpress","priority":"150","total_files_count":"26030","total_files_size":"3765312959","file_bytes_offset":355328000,"filemap_bytes_offset":839551,"processed_files_size":2617569264,"completed":false}

May 07 2018 11:10:04
{"action":"ai1wm_export","_fs_blog_admin":"true","options":{"replace":{"old_value":[""],"new_value":[""]}},"ai1wm_manual_export":"1","storage":"ty490mxrki40","secret_key":"xqhb5FTWuSKo","archive":"bemaxacademy.com-20180507-103152-620.wpress","priority":"150","total_files_count":"26030","total_files_size":"3765312959","file_bytes_offset":400384000,"filemap_bytes_offset":839551,"processed_files_size":2662625264,"completed":false}

May 07 2018 11:10:24
{"action":"ai1wm_export","_fs_blog_admin":"true","options":{"replace":{"old_value":[""],"new_value":[""]}},"ai1wm_manual_export":"1","storage":"ty490mxrki40","secret_key":"xqhb5FTWuSKo","archive":"bemaxacademy.com-20180507-103152-620.wpress","priority":"150","total_files_count":"26030","total_files_size":"3765312959","file_bytes_offset":8192000,"filemap_bytes_offset":839621,"processed_files_size":2689761734,"completed":false}

May 07 2018 11:10:45
{"action":"ai1wm_export","_fs_blog_admin":"true","options":{"replace":{"old_value":[""],"new_value":[""]}},"ai1wm_manual_export":"1","storage":"ty490mxrki40","secret_key":"xqhb5FTWuSKo","archive":"bemaxacademy.com-20180507-103152-620.wpress","priority":"150","total_files_count":"26030","total_files_size":"3765312959","file_bytes_offset":50688000,"filemap_bytes_offset":839621,"processed_files_size":2732257734,"completed":false}

May 07 2018 11:11:16
{"action":"ai1wm_export","_fs_blog_admin":"true","options":{"replace":{"old_value":[""],"new_value":[""]}},"ai1wm_manual_export":"1","storage":"ty490mxrki40","secret_key":"xqhb5FTWuSKo","archive":"bemaxacademy.com-20180507-103152-620.wpress","priority":"150","total_files_count":"26030","total_files_size":"3765312959","file_bytes_offset":29184000,"filemap_bytes_offset":839727,"processed_files_size":2773823278,"completed":false}

May 07 2018 11:11:40
{"action":"ai1wm_export","_fs_blog_admin":"true","options":{"replace":{"old_value":[""],"new_value":[""]}},"ai1wm_manual_export":"1","storage":"ty490mxrki40","secret_key":"xqhb5FTWuSKo","archive":"bemaxacademy.com-20180507-103152-620.wpress","priority":"150","total_files_count":"26030","total_files_size":"3765312959","file_bytes_offset":0,"filemap_bytes_offset":839931,"processed_files_size":2835012816,"completed":false}

May 07 2018 11:12:10
{"action":"ai1wm_export","_fs_blog_admin":"true","options":{"replace":{"old_value":[""],"new_value":[""]}},"ai1wm_manual_export":"1","storage":"ty490mxrki40","secret_key":"xqhb5FTWuSKo","archive":"bemaxacademy.com-20180507-103152-620.wpress","priority":"150","total_files_count":"26030","total_files_size":"3765312959","file_bytes_offset":29696000,"filemap_bytes_offset":839931,"processed_files_size":2864708816,"completed":false}

May 07 2018 11:12:31
{"action":"ai1wm_export","_fs_blog_admin":"true","options":{"replace":{"old_value":[""],"new_value":[""]}},"ai1wm_manual_export":"1","storage":"ty490mxrki40","secret_key":"xqhb5FTWuSKo","archive":"bemaxacademy.com-20180507-103152-620.wpress","priority":"150","total_files_count":"26030","total_files_size":"3765312959","file_bytes_offset":58368000,"filemap_bytes_offset":839931,"processed_files_size":2893380816,"completed":false}

May 07 2018 11:12:48
{"action":"ai1wm_export","_fs_blog_admin":"true","options":{"replace":{"old_value":[""],"new_value":[""]}},"ai1wm_manual_export":"1","storage":"ty490mxrki40","secret_key":"xqhb5FTWuSKo","archive":"bemaxacademy.com-20180507-103152-620.wpress","priority":"150","total_files_count":"26030","total_files_size":"3765312959","file_bytes_offset":101888000,"filemap_bytes_offset":839931,"processed_files_size":2936900816,"completed":false}

May 07 2018 11:13:06
{"action":"ai1wm_export","_fs_blog_admin":"true","options":{"replace":{"old_value":[""],"new_value":[""]}},"ai1wm_manual_export":"1","storage":"ty490mxrki40","secret_key":"xqhb5FTWuSKo","archive":"bemaxacademy.com-20180507-103152-620.wpress","priority":"150","total_files_count":"26030","total_files_size":"3765312959","file_bytes_offset":116736000,"filemap_bytes_offset":839931,"processed_files_size":2951748816,"completed":false}

May 07 2018 11:13:25
{"action":"ai1wm_export","_fs_blog_admin":"true","options":{"replace":{"old_value":[""],"new_value":[""]}},"ai1wm_manual_export":"1","storage":"ty490mxrki40","secret_key":"xqhb5FTWuSKo","archive":"bemaxacademy.com-20180507-103152-620.wpress","priority":"150","total_files_count":"26030","total_files_size":"3765312959","file_bytes_offset":153600000,"filemap_bytes_offset":839931,"processed_files_size":2988612816,"completed":false}

May 07 2018 11:13:47
{"action":"ai1wm_export","_fs_blog_admin":"true","options":{"replace":{"old_value":[""],"new_value":[""]}},"ai1wm_manual_export":"1","storage":"ty490mxrki40","secret_key":"xqhb5FTWuSKo","archive":"bemaxacademy.com-20180507-103152-620.wpress","priority":"150","total_files_count":"26030","total_files_size":"3765312959","file_bytes_offset":194560000,"filemap_bytes_offset":839931,"processed_files_size":3029572816,"completed":false}

May 07 2018 11:14:16
{"action":"ai1wm_export","_fs_blog_admin":"true","options":{"replace":{"old_value":[""],"new_value":[""]}},"ai1wm_manual_export":"1","storage":"ty490mxrki40","secret_key":"xqhb5FTWuSKo","archive":"bemaxacademy.com-20180507-103152-620.wpress","priority":"150","total_files_count":"26030","total_files_size":"3765312959","file_bytes_offset":232960000,"filemap_bytes_offset":839931,"processed_files_size":3067972816,"completed":false}

May 07 2018 11:14:38
{"action":"ai1wm_export","_fs_blog_admin":"true","options":{"replace":{"old_value":[""],"new_value":[""]}},"ai1wm_manual_export":"1","storage":"ty490mxrki40","secret_key":"xqhb5FTWuSKo","archive":"bemaxacademy.com-20180507-103152-620.wpress","priority":"150","total_files_count":"26030","total_files_size":"3765312959","file_bytes_offset":253952000,"filemap_bytes_offset":839931,"processed_files_size":3088964816,"completed":false}

May 07 2018 11:15:01
{"action":"ai1wm_export","_fs_blog_admin":"true","options":{"replace":{"old_value":[""],"new_value":[""]}},"ai1wm_manual_export":"1","storage":"ty490mxrki40","secret_key":"xqhb5FTWuSKo","archive":"bemaxacademy.com-20180507-103152-620.wpress","priority":"150","total_files_count":"26030","total_files_size":"3765312959","file_bytes_offset":284672000,"filemap_bytes_offset":839931,"processed_files_size":3119684816,"completed":false}

May 07 2018 11:15:31
{"action":"ai1wm_export","_fs_blog_admin":"true","options":{"replace":{"old_value":[""],"new_value":[""]}},"ai1wm_manual_export":"1","storage":"ty490mxrki40","secret_key":"xqhb5FTWuSKo","archive":"bemaxacademy.com-20180507-103152-620.wpress","priority":"150","total_files_count":"26030","total_files_size":"3765312959","file_bytes_offset":316416000,"filemap_bytes_offset":839931,"processed_files_size":3151428816,"completed":false}

May 07 2018 11:15:57
{"action":"ai1wm_export","_fs_blog_admin":"true","options":{"replace":{"old_value":[""],"new_value":[""]}},"ai1wm_manual_export":"1","storage":"ty490mxrki40","secret_key":"xqhb5FTWuSKo","archive":"bemaxacademy.com-20180507-103152-620.wpress","priority":"150","total_files_count":"26030","total_files_size":"3765312959","file_bytes_offset":350208000,"filemap_bytes_offset":839931,"processed_files_size":3185220816,"completed":false}

May 07 2018 11:16:15
{"action":"ai1wm_export","_fs_blog_admin":"true","options":{"replace":{"old_value":[""],"new_value":[""]}},"ai1wm_manual_export":"1","storage":"ty490mxrki40","secret_key":"xqhb5FTWuSKo","archive":"bemaxacademy.com-20180507-103152-620.wpress","priority":"150","total_files_count":"26030","total_files_size":"3765312959","file_bytes_offset":364544000,"filemap_bytes_offset":839931,"processed_files_size":3199556816,"completed":false}

May 07 2018 11:16:37
{"action":"ai1wm_export","_fs_blog_admin":"true","options":{"replace":{"old_value":[""],"new_value":[""]}},"ai1wm_manual_export":"1","storage":"ty490mxrki40","secret_key":"xqhb5FTWuSKo","archive":"bemaxacademy.com-20180507-103152-620.wpress","priority":"150","total_files_count":"26030","total_files_size":"3765312959","file_bytes_offset":397312000,"filemap_bytes_offset":839931,"processed_files_size":3232324816,"completed":false}

May 07 2018 11:17:00
{"action":"ai1wm_export","_fs_blog_admin":"true","options":{"replace":{"old_value":[""],"new_value":[""]}},"ai1wm_manual_export":"1","storage":"ty490mxrki40","secret_key":"xqhb5FTWuSKo","archive":"bemaxacademy.com-20180507-103152-620.wpress","priority":"150","total_files_count":"26030","total_files_size":"3765312959","file_bytes_offset":0,"filemap_bytes_offset":841410,"processed_files_size":3255176318,"completed":false}

May 07 2018 11:17:22
{"action":"ai1wm_export","_fs_blog_admin":"true","options":{"replace":{"old_value":[""],"new_value":[""]}},"ai1wm_manual_export":"1","storage":"ty490mxrki40","secret_key":"xqhb5FTWuSKo","archive":"bemaxacademy.com-20180507-103152-620.wpress","priority":"150","total_files_count":"26030","total_files_size":"3765312959","file_bytes_offset":0,"filemap_bytes_offset":843113,"processed_files_size":3270069168,"completed":false}

May 07 2018 11:17:45
{"action":"ai1wm_export","_fs_blog_admin":"true","options":{"replace":{"old_value":[""],"new_value":[""]}},"ai1wm_manual_export":"1","storage":"ty490mxrki40","secret_key":"xqhb5FTWuSKo","archive":"bemaxacademy.com-20180507-103152-620.wpress","priority":"150","total_files_count":"26030","total_files_size":"3765312959","file_bytes_offset":0,"filemap_bytes_offset":853511,"processed_files_size":3272193839,"completed":false}

May 07 2018 11:18:13
{"action":"ai1wm_export","_fs_blog_admin":"true","options":{"replace":{"old_value":[""],"new_value":[""]}},"ai1wm_manual_export":"1","storage":"ty490mxrki40","secret_key":"xqhb5FTWuSKo","archive":"bemaxacademy.com-20180507-103152-620.wpress","priority":"150","total_files_count":"26030","total_files_size":"3765312959","file_bytes_offset":0,"filemap_bytes_offset":860415,"processed_files_size":3274255891,"completed":false}

May 07 2018 11:18:39
{"action":"ai1wm_export","_fs_blog_admin":"true","options":{"replace":{"old_value":[""],"new_value":[""]}},"ai1wm_manual_export":"1","storage":"ty490mxrki40","secret_key":"xqhb5FTWuSKo","archive":"bemaxacademy.com-20180507-103152-620.wpress","priority":"150","total_files_count":"26030","total_files_size":"3765312959","file_bytes_offset":0,"filemap_bytes_offset":866633,"processed_files_size":3280214343,"completed":false}

May 07 2018 11:19:02
{"action":"ai1wm_export","_fs_blog_admin":"true","options":{"replace":{"old_value":[""],"new_value":[""]}},"ai1wm_manual_export":"1","storage":"ty490mxrki40","secret_key":"xqhb5FTWuSKo","archive":"bemaxacademy.com-20180507-103152-620.wpress","priority":"150","total_files_count":"26030","total_files_size":"3765312959","file_bytes_offset":0,"filemap_bytes_offset":869722,"processed_files_size":3281527508,"completed":false}

May 07 2018 11:19:25
{"action":"ai1wm_export","_fs_blog_admin":"true","options":{"replace":{"old_value":[""],"new_value":[""]}},"ai1wm_manual_export":"1","storage":"ty490mxrki40","secret_key":"xqhb5FTWuSKo","archive":"bemaxacademy.com-20180507-103152-620.wpress","priority":"150","total_files_count":"26030","total_files_size":"3765312959","file_bytes_offset":0,"filemap_bytes_offset":871797,"processed_files_size":3282172402,"completed":false}

May 07 2018 11:19:44
{"action":"ai1wm_export","_fs_blog_admin":"true","options":{"replace":{"old_value":[""],"new_value":[""]}},"ai1wm_manual_export":"1","storage":"ty490mxrki40","secret_key":"xqhb5FTWuSKo","archive":"bemaxacademy.com-20180507-103152-620.wpress","priority":"150","total_files_count":"26030","total_files_size":"3765312959","file_bytes_offset":0,"filemap_bytes_offset":874992,"processed_files_size":3283081784,"completed":false}

May 07 2018 11:20:02
{"action":"ai1wm_export","_fs_blog_admin":"true","options":{"replace":{"old_value":[""],"new_value":[""]}},"ai1wm_manual_export":"1","storage":"ty490mxrki40","secret_key":"xqhb5FTWuSKo","archive":"bemaxacademy.com-20180507-103152-620.wpress","priority":"150","total_files_count":"26030","total_files_size":"3765312959","file_bytes_offset":0,"filemap_bytes_offset":876909,"processed_files_size":3283507990,"completed":false}

May 07 2018 11:20:26
{"action":"ai1wm_export","_fs_blog_admin":"true","options":{"replace":{"old_value":[""],"new_value":[""]}},"ai1wm_manual_export":"1","storage":"ty490mxrki40","secret_key":"xqhb5FTWuSKo","archive":"bemaxacademy.com-20180507-103152-620.wpress","priority":"150","total_files_count":"26030","total_files_size":"3765312959","file_bytes_offset":0,"filemap_bytes_offset":881626,"processed_files_size":3285044627,"completed":false}

May 07 2018 11:20:45
{"action":"ai1wm_export","_fs_blog_admin":"true","options":{"replace":{"old_value":[""],"new_value":[""]}},"ai1wm_manual_export":"1","storage":"ty490mxrki40","secret_key":"xqhb5FTWuSKo","archive":"bemaxacademy.com-20180507-103152-620.wpress","priority":"150","total_files_count":"26030","total_files_size":"3765312959","file_bytes_offset":0,"filemap_bytes_offset":885854,"processed_files_size":3285797809,"completed":false}

May 07 2018 11:21:03
{"action":"ai1wm_export","_fs_blog_admin":"true","options":{"replace":{"old_value":[""],"new_value":[""]}},"ai1wm_manual_export":"1","storage":"ty490mxrki40","secret_key":"xqhb5FTWuSKo","archive":"bemaxacademy.com-20180507-103152-620.wpress","priority":"150","total_files_count":"26030","total_files_size":"3765312959","file_bytes_offset":0,"filemap_bytes_offset":889839,"processed_files_size":3286605382,"completed":false}

May 07 2018 11:21:34
{"action":"ai1wm_export","_fs_blog_admin":"true","options":{"replace":{"old_value":[""],"new_value":[""]}},"ai1wm_manual_export":"1","storage":"ty490mxrki40","secret_key":"xqhb5FTWuSKo","archive":"bemaxacademy.com-20180507-103152-620.wpress","priority":"150","total_files_count":"26030","total_files_size":"3765312959","file_bytes_offset":0,"filemap_bytes_offset":892509,"processed_files_size":3287025629,"completed":false}

May 07 2018 11:21:54
{"action":"ai1wm_export","_fs_blog_admin":"true","options":{"replace":{"old_value":[""],"new_value":[""]}},"ai1wm_manual_export":"1","storage":"ty490mxrki40","secret_key":"xqhb5FTWuSKo","archive":"bemaxacademy.com-20180507-103152-620.wpress","priority":"150","total_files_count":"26030","total_files_size":"3765312959","file_bytes_offset":0,"filemap_bytes_offset":894516,"processed_files_size":3287918735,"completed":false}

May 07 2018 11:22:21
{"action":"ai1wm_export","_fs_blog_admin":"true","options":{"replace":{"old_value":[""],"new_value":[""]}},"ai1wm_manual_export":"1","storage":"ty490mxrki40","secret_key":"xqhb5FTWuSKo","archive":"bemaxacademy.com-20180507-103152-620.wpress","priority":"150","total_files_count":"26030","total_files_size":"3765312959","file_bytes_offset":0,"filemap_bytes_offset":896821,"processed_files_size":3290364708,"completed":false}

May 07 2018 11:22:56
{"action":"ai1wm_export","_fs_blog_admin":"true","options":{"replace":{"old_value":[""],"new_value":[""]}},"ai1wm_manual_export":"1","storage":"ty490mxrki40","secret_key":"xqhb5FTWuSKo","archive":"bemaxacademy.com-20180507-103152-620.wpress","priority":"150","total_files_count":"26030","total_files_size":"3765312959","file_bytes_offset":0,"filemap_bytes_offset":898949,"processed_files_size":3294459494,"completed":false}

May 07 2018 11:23:27
{"action":"ai1wm_export","_fs_blog_admin":"true","options":{"replace":{"old_value":[""],"new_value":[""]}},"ai1wm_manual_export":"1","storage":"ty490mxrki40","secret_key":"xqhb5FTWuSKo","archive":"bemaxacademy.com-20180507-103152-620.wpress","priority":"150","total_files_count":"26030","total_files_size":"3765312959","file_bytes_offset":0,"filemap_bytes_offset":901392,"processed_files_size":3299771960,"completed":false}

May 07 2018 11:24:05
{"action":"ai1wm_export","_fs_blog_admin":"true","options":{"replace":{"old_value":[""],"new_value":[""]}},"ai1wm_manual_export":"1","storage":"ty490mxrki40","secret_key":"xqhb5FTWuSKo","archive":"bemaxacademy.com-20180507-103152-620.wpress","priority":"150","total_files_count":"26030","total_files_size":"3765312959","file_bytes_offset":0,"filemap_bytes_offset":903169,"processed_files_size":3309300124,"completed":false}

May 07 2018 11:24:36
{"action":"ai1wm_export","_fs_blog_admin":"true","options":{"replace":{"old_value":[""],"new_value":[""]}},"ai1wm_manual_export":"1","storage":"ty490mxrki40","secret_key":"xqhb5FTWuSKo","archive":"bemaxacademy.com-20180507-103152-620.wpress","priority":"150","total_files_count":"26030","total_files_size":"3765312959","file_bytes_offset":0,"filemap_bytes_offset":905118,"processed_files_size":3311589940,"completed":false}

May 07 2018 11:25:05
{"action":"ai1wm_export","_fs_blog_admin":"true","options":{"replace":{"old_value":[""],"new_value":[""]}},"ai1wm_manual_export":"1","storage":"ty490mxrki40","secret_key":"xqhb5FTWuSKo","archive":"bemaxacademy.com-20180507-103152-620.wpress","priority":"150","total_files_count":"26030","total_files_size":"3765312959","file_bytes_offset":0,"filemap_bytes_offset":907518,"processed_files_size":3314646917,"completed":false}

May 07 2018 11:25:30
{"action":"ai1wm_export","_fs_blog_admin":"true","options":{"replace":{"old_value":[""],"new_value":[""]}},"ai1wm_manual_export":"1","storage":"ty490mxrki40","secret_key":"xqhb5FTWuSKo","archive":"bemaxacademy.com-20180507-103152-620.wpress","priority":"150","total_files_count":"26030","total_files_size":"3765312959","file_bytes_offset":0,"filemap_bytes_offset":909198,"processed_files_size":3321573097,"completed":false}

May 07 2018 11:25:56
{"action":"ai1wm_export","_fs_blog_admin":"true","options":{"replace":{"old_value":[""],"new_value":[""]}},"ai1wm_manual_export":"1","storage":"ty490mxrki40","secret_key":"xqhb5FTWuSKo","archive":"bemaxacademy.com-20180507-103152-620.wpress","priority":"150","total_files_count":"26030","total_files_size":"3765312959","file_bytes_offset":0,"filemap_bytes_offset":913056,"processed_files_size":3328385790,"completed":false}

May 07 2018 11:26:18
{"action":"ai1wm_export","_fs_blog_admin":"true","options":{"replace":{"old_value":[""],"new_value":[""]}},"ai1wm_manual_export":"1","storage":"ty490mxrki40","secret_key":"xqhb5FTWuSKo","archive":"bemaxacademy.com-20180507-103152-620.wpress","priority":"150","total_files_count":"26030","total_files_size":"3765312959","file_bytes_offset":0,"filemap_bytes_offset":918095,"processed_files_size":3335249966,"completed":false}

May 07 2018 11:26:46
{"action":"ai1wm_export","_fs_blog_admin":"true","options":{"replace":{"old_value":[""],"new_value":[""]}},"ai1wm_manual_export":"1","storage":"ty490mxrki40","secret_key":"xqhb5FTWuSKo","archive":"bemaxacademy.com-20180507-103152-620.wpress","priority":"150","total_files_count":"26030","total_files_size":"3765312959","file_bytes_offset":0,"filemap_bytes_offset":925175,"processed_files_size":3344908240,"completed":false}

May 07 2018 11:27:14
{"action":"ai1wm_export","_fs_blog_admin":"true","options":{"replace":{"old_value":[""],"new_value":[""]}},"ai1wm_manual_export":"1","storage":"ty490mxrki40","secret_key":"xqhb5FTWuSKo","archive":"bemaxacademy.com-20180507-103152-620.wpress","priority":"150","total_files_count":"26030","total_files_size":"3765312959","file_bytes_offset":0,"filemap_bytes_offset":929424,"processed_files_size":3349675348,"completed":false}

May 07 2018 11:27:42
{"action":"ai1wm_export","_fs_blog_admin":"true","options":{"replace":{"old_value":[""],"new_value":[""]}},"ai1wm_manual_export":"1","storage":"ty490mxrki40","secret_key":"xqhb5FTWuSKo","archive":"bemaxacademy.com-20180507-103152-620.wpress","priority":"150","total_files_count":"26030","total_files_size":"3765312959","file_bytes_offset":0,"filemap_bytes_offset":936001,"processed_files_size":3359795324,"completed":false}

May 07 2018 11:28:06
{"action":"ai1wm_export","_fs_blog_admin":"true","options":{"replace":{"old_value":[""],"new_value":[""]}},"ai1wm_manual_export":"1","storage":"ty490mxrki40","secret_key":"xqhb5FTWuSKo","archive":"bemaxacademy.com-20180507-103152-620.wpress","priority":"150","total_files_count":"26030","total_files_size":"3765312959","file_bytes_offset":0,"filemap_bytes_offset":938311,"processed_files_size":3364169203,"completed":false}

May 07 2018 11:28:34
{"action":"ai1wm_export","_fs_blog_admin":"true","options":{"replace":{"old_value":[""],"new_value":[""]}},"ai1wm_manual_export":"1","storage":"ty490mxrki40","secret_key":"xqhb5FTWuSKo","archive":"bemaxacademy.com-20180507-103152-620.wpress","priority":"150","total_files_count":"26030","total_files_size":"3765312959","file_bytes_offset":0,"filemap_bytes_offset":941457,"processed_files_size":3367935176,"completed":false}

May 07 2018 11:29:05
{"action":"ai1wm_export","_fs_blog_admin":"true","options":{"replace":{"old_value":[""],"new_value":[""]}},"ai1wm_manual_export":"1","storage":"ty490mxrki40","secret_key":"xqhb5FTWuSKo","archive":"bemaxacademy.com-20180507-103152-620.wpress","priority":"150","total_files_count":"26030","total_files_size":"3765312959","file_bytes_offset":0,"filemap_bytes_offset":942561,"processed_files_size":3369684249,"completed":false}

May 07 2018 11:29:30
{"action":"ai1wm_export","_fs_blog_admin":"true","options":{"replace":{"old_value":[""],"new_value":[""]}},"ai1wm_manual_export":"1","storage":"ty490mxrki40","secret_key":"xqhb5FTWuSKo","archive":"bemaxacademy.com-20180507-103152-620.wpress","priority":"150","total_files_count":"26030","total_files_size":"3765312959","file_bytes_offset":0,"filemap_bytes_offset":944814,"processed_files_size":3371944578,"completed":false}

May 07 2018 11:29:53
{"action":"ai1wm_export","_fs_blog_admin":"true","options":{"replace":{"old_value":[""],"new_value":[""]}},"ai1wm_manual_export":"1","storage":"ty490mxrki40","secret_key":"xqhb5FTWuSKo","archive":"bemaxacademy.com-20180507-103152-620.wpress","priority":"150","total_files_count":"26030","total_files_size":"3765312959","file_bytes_offset":0,"filemap_bytes_offset":946784,"processed_files_size":3374045860,"completed":false}

May 07 2018 11:30:11
{"action":"ai1wm_export","_fs_blog_admin":"true","options":{"replace":{"old_value":[""],"new_value":[""]}},"ai1wm_manual_export":"1","storage":"ty490mxrki40","secret_key":"xqhb5FTWuSKo","archive":"bemaxacademy.com-20180507-103152-620.wpress","priority":"150","total_files_count":"26030","total_files_size":"3765312959","file_bytes_offset":0,"filemap_bytes_offset":947631,"processed_files_size":3375088115,"completed":false}

May 07 2018 11:30:39
{"action":"ai1wm_export","_fs_blog_admin":"true","options":{"replace":{"old_value":[""],"new_value":[""]}},"ai1wm_manual_export":"1","storage":"ty490mxrki40","secret_key":"xqhb5FTWuSKo","archive":"bemaxacademy.com-20180507-103152-620.wpress","priority":"150","total_files_count":"26030","total_files_size":"3765312959","file_bytes_offset":0,"filemap_bytes_offset":948994,"processed_files_size":3376571675,"completed":false}

