Jul 12 2018 10:26:17
{"action":"ai1wm_export","options":{"replace":{"old_value":[""],"new_value":[""]}},"ai1wm_manual_export":"1","storage":"b2k07b1cfzx1","secret_key":"xqhb5FTWuSKo","woocs_order_emails_is_sending":1,"woocommerce-login-nonce":null,"_wpnonce":null,"archive":"bemaxacademy.com-20180712-102617-599.wpress"}

Jul 12 2018 10:26:17
{"action":"ai1wm_export","options":{"replace":{"old_value":[""],"new_value":[""]}},"ai1wm_manual_export":"1","storage":"b2k07b1cfzx1","secret_key":"xqhb5FTWuSKo","woocs_order_emails_is_sending":1,"woocommerce-login-nonce":null,"_wpnonce":null,"archive":"bemaxacademy.com-20180712-102617-599.wpress"}

Jul 12 2018 10:26:20
{"action":"ai1wm_export","options":{"replace":{"old_value":[""],"new_value":[""]}},"ai1wm_manual_export":"1","storage":"b2k07b1cfzx1","secret_key":"xqhb5FTWuSKo","woocs_order_emails_is_sending":1,"woocommerce-login-nonce":"","_wpnonce":"","archive":"bemaxacademy.com-20180712-102617-599.wpress","priority":"10"}

Jul 12 2018 10:26:24
{"action":"ai1wm_export","options":{"replace":{"old_value":[""],"new_value":[""]}},"ai1wm_manual_export":"1","storage":"b2k07b1cfzx1","secret_key":"xqhb5FTWuSKo","woocs_order_emails_is_sending":1,"woocommerce-login-nonce":"","_wpnonce":"","archive":"bemaxacademy.com-20180712-102617-599.wpress","priority":"50"}

Jul 12 2018 10:26:33
{"action":"ai1wm_export","options":{"replace":{"old_value":[""],"new_value":[""]}},"ai1wm_manual_export":"1","storage":"b2k07b1cfzx1","secret_key":"xqhb5FTWuSKo","woocs_order_emails_is_sending":1,"woocommerce-login-nonce":"","_wpnonce":"","archive":"bemaxacademy.com-20180712-102617-599.wpress","priority":"100","total_files_count":24567,"total_files_size":12470586000}

Jul 12 2018 10:26:48
{"action":"ai1wm_export","options":{"replace":{"old_value":[""],"new_value":[""]}},"ai1wm_manual_export":"1","storage":"b2k07b1cfzx1","secret_key":"xqhb5FTWuSKo","woocs_order_emails_is_sending":1,"woocommerce-login-nonce":"","_wpnonce":"","archive":"bemaxacademy.com-20180712-102617-599.wpress","priority":"150","total_files_count":"24567","total_files_size":"12470586000","file_bytes_offset":0,"filemap_bytes_offset":8123,"processed_files_size":22077258,"completed":false}

Jul 12 2018 10:27:03
{"action":"ai1wm_export","options":{"replace":{"old_value":[""],"new_value":[""]}},"ai1wm_manual_export":"1","storage":"b2k07b1cfzx1","secret_key":"xqhb5FTWuSKo","woocs_order_emails_is_sending":1,"woocommerce-login-nonce":"","_wpnonce":"","archive":"bemaxacademy.com-20180712-102617-599.wpress","priority":"150","total_files_count":"24567","total_files_size":"12470586000","file_bytes_offset":0,"filemap_bytes_offset":35991,"processed_files_size":41087703,"completed":false}

Jul 12 2018 10:27:20
{"action":"ai1wm_export","options":{"replace":{"old_value":[""],"new_value":[""]}},"ai1wm_manual_export":"1","storage":"b2k07b1cfzx1","secret_key":"xqhb5FTWuSKo","woocs_order_emails_is_sending":1,"woocommerce-login-nonce":"","_wpnonce":"","archive":"bemaxacademy.com-20180712-102617-599.wpress","priority":"150","total_files_count":"24567","total_files_size":"12470586000","file_bytes_offset":0,"filemap_bytes_offset":66360,"processed_files_size":72115858,"completed":false}

Jul 12 2018 10:27:35
{"action":"ai1wm_export","options":{"replace":{"old_value":[""],"new_value":[""]}},"ai1wm_manual_export":"1","storage":"b2k07b1cfzx1","secret_key":"xqhb5FTWuSKo","woocs_order_emails_is_sending":1,"woocommerce-login-nonce":"","_wpnonce":"","archive":"bemaxacademy.com-20180712-102617-599.wpress","priority":"150","total_files_count":"24567","total_files_size":"12470586000","file_bytes_offset":0,"filemap_bytes_offset":71899,"processed_files_size":77809615,"completed":false}

Jul 12 2018 10:27:52
{"action":"ai1wm_export","options":{"replace":{"old_value":[""],"new_value":[""]}},"ai1wm_manual_export":"1","storage":"b2k07b1cfzx1","secret_key":"xqhb5FTWuSKo","woocs_order_emails_is_sending":1,"woocommerce-login-nonce":"","_wpnonce":"","archive":"bemaxacademy.com-20180712-102617-599.wpress","priority":"150","total_files_count":"24567","total_files_size":"12470586000","file_bytes_offset":0,"filemap_bytes_offset":106460,"processed_files_size":91934710,"completed":false}

Jul 12 2018 10:28:39
{"action":"ai1wm_export","options":{"replace":{"old_value":[""],"new_value":[""]}},"ai1wm_manual_export":"1","storage":"b2k07b1cfzx1","secret_key":"xqhb5FTWuSKo","woocs_order_emails_is_sending":1,"woocommerce-login-nonce":"","_wpnonce":"","archive":"bemaxacademy.com-20180712-102617-599.wpress","priority":"150","total_files_count":"24567","total_files_size":"12470586000","file_bytes_offset":0,"filemap_bytes_offset":177623,"processed_files_size":95118264,"completed":false}

Jul 12 2018 10:35:00
{"action":"ai1wm_export","options":{"replace":{"old_value":[""],"new_value":[""]}},"ai1wm_manual_export":"1","storage":"b2k07b1cfzx1","secret_key":"xqhb5FTWuSKo","woocs_order_emails_is_sending":1,"woocommerce-login-nonce":"","_wpnonce":"","archive":"bemaxacademy.com-20180712-102617-599.wpress","priority":"150","total_files_count":"24567","total_files_size":"12470586000","file_bytes_offset":0,"filemap_bytes_offset":242967,"processed_files_size":99234521,"completed":false}

Jul 12 2018 10:35:17
{"action":"ai1wm_export","options":{"replace":{"old_value":[""],"new_value":[""]}},"ai1wm_manual_export":"1","storage":"b2k07b1cfzx1","secret_key":"xqhb5FTWuSKo","woocs_order_emails_is_sending":1,"woocommerce-login-nonce":"","_wpnonce":"","archive":"bemaxacademy.com-20180712-102617-599.wpress","priority":"150","total_files_count":"24567","total_files_size":"12470586000","file_bytes_offset":0,"filemap_bytes_offset":257898,"processed_files_size":103136742,"completed":false}

Jul 12 2018 10:35:35
{"action":"ai1wm_export","options":{"replace":{"old_value":[""],"new_value":[""]}},"ai1wm_manual_export":"1","storage":"b2k07b1cfzx1","secret_key":"xqhb5FTWuSKo","woocs_order_emails_is_sending":1,"woocommerce-login-nonce":"","_wpnonce":"","archive":"bemaxacademy.com-20180712-102617-599.wpress","priority":"150","total_files_count":"24567","total_files_size":"12470586000","file_bytes_offset":0,"filemap_bytes_offset":314206,"processed_files_size":117888861,"completed":false}

Jul 12 2018 10:35:50
{"action":"ai1wm_export","options":{"replace":{"old_value":[""],"new_value":[""]}},"ai1wm_manual_export":"1","storage":"b2k07b1cfzx1","secret_key":"xqhb5FTWuSKo","woocs_order_emails_is_sending":1,"woocommerce-login-nonce":"","_wpnonce":"","archive":"bemaxacademy.com-20180712-102617-599.wpress","priority":"150","total_files_count":"24567","total_files_size":"12470586000","file_bytes_offset":0,"filemap_bytes_offset":363790,"processed_files_size":130149443,"completed":false}

Jul 12 2018 10:36:32
{"action":"ai1wm_export","options":{"replace":{"old_value":[""],"new_value":[""]}},"ai1wm_manual_export":"1","storage":"b2k07b1cfzx1","secret_key":"xqhb5FTWuSKo","woocs_order_emails_is_sending":1,"woocommerce-login-nonce":"","_wpnonce":"","archive":"bemaxacademy.com-20180712-102617-599.wpress","priority":"150","total_files_count":"24567","total_files_size":"12470586000","file_bytes_offset":0,"filemap_bytes_offset":379303,"processed_files_size":133247561,"completed":false}

Jul 12 2018 10:36:56
{"action":"ai1wm_export","options":{"replace":{"old_value":[""],"new_value":[""]}},"ai1wm_manual_export":"1","storage":"b2k07b1cfzx1","secret_key":"xqhb5FTWuSKo","woocs_order_emails_is_sending":1,"woocommerce-login-nonce":"","_wpnonce":"","archive":"bemaxacademy.com-20180712-102617-599.wpress","priority":"150","total_files_count":"24567","total_files_size":"12470586000","file_bytes_offset":0,"filemap_bytes_offset":508860,"processed_files_size":153884821,"completed":false}

Jul 12 2018 10:37:09
{"action":"ai1wm_export","options":{"replace":{"old_value":[""],"new_value":[""]}},"ai1wm_manual_export":"1","storage":"b2k07b1cfzx1","secret_key":"xqhb5FTWuSKo","woocs_order_emails_is_sending":1,"woocommerce-login-nonce":"","_wpnonce":"","archive":"bemaxacademy.com-20180712-102617-599.wpress","priority":"150","total_files_count":"24567","total_files_size":"12470586000","file_bytes_offset":0,"filemap_bytes_offset":511563,"processed_files_size":155376124,"completed":false}

Jul 12 2018 10:37:29
{"action":"ai1wm_export","options":{"replace":{"old_value":[""],"new_value":[""]}},"ai1wm_manual_export":"1","storage":"b2k07b1cfzx1","secret_key":"xqhb5FTWuSKo","woocs_order_emails_is_sending":1,"woocommerce-login-nonce":"","_wpnonce":"","archive":"bemaxacademy.com-20180712-102617-599.wpress","priority":"150","total_files_count":"24567","total_files_size":"12470586000","file_bytes_offset":0,"filemap_bytes_offset":524814,"processed_files_size":162720132,"completed":false}

Jul 12 2018 10:37:46
{"action":"ai1wm_export","options":{"replace":{"old_value":[""],"new_value":[""]}},"ai1wm_manual_export":"1","storage":"b2k07b1cfzx1","secret_key":"xqhb5FTWuSKo","woocs_order_emails_is_sending":1,"woocommerce-login-nonce":"","_wpnonce":"","archive":"bemaxacademy.com-20180712-102617-599.wpress","priority":"150","total_files_count":"24567","total_files_size":"12470586000","file_bytes_offset":0,"filemap_bytes_offset":560303,"processed_files_size":173995575,"completed":false}

Jul 12 2018 10:38:01
{"action":"ai1wm_export","options":{"replace":{"old_value":[""],"new_value":[""]}},"ai1wm_manual_export":"1","storage":"b2k07b1cfzx1","secret_key":"xqhb5FTWuSKo","woocs_order_emails_is_sending":1,"woocommerce-login-nonce":"","_wpnonce":"","archive":"bemaxacademy.com-20180712-102617-599.wpress","priority":"150","total_files_count":"24567","total_files_size":"12470586000","file_bytes_offset":0,"filemap_bytes_offset":595297,"processed_files_size":178444338,"completed":false}

Jul 12 2018 10:38:20
{"action":"ai1wm_export","options":{"replace":{"old_value":[""],"new_value":[""]}},"ai1wm_manual_export":"1","storage":"b2k07b1cfzx1","secret_key":"xqhb5FTWuSKo","woocs_order_emails_is_sending":1,"woocommerce-login-nonce":"","_wpnonce":"","archive":"bemaxacademy.com-20180712-102617-599.wpress","priority":"150","total_files_count":"24567","total_files_size":"12470586000","file_bytes_offset":0,"filemap_bytes_offset":654898,"processed_files_size":180967674,"completed":false}

Jul 12 2018 10:38:34
{"action":"ai1wm_export","options":{"replace":{"old_value":[""],"new_value":[""]}},"ai1wm_manual_export":"1","storage":"b2k07b1cfzx1","secret_key":"xqhb5FTWuSKo","woocs_order_emails_is_sending":1,"woocommerce-login-nonce":"","_wpnonce":"","archive":"bemaxacademy.com-20180712-102617-599.wpress","priority":"150","total_files_count":"24567","total_files_size":"12470586000","file_bytes_offset":0,"filemap_bytes_offset":703857,"processed_files_size":200455315,"completed":false}

Jul 12 2018 10:38:50
{"action":"ai1wm_export","options":{"replace":{"old_value":[""],"new_value":[""]}},"ai1wm_manual_export":"1","storage":"b2k07b1cfzx1","secret_key":"xqhb5FTWuSKo","woocs_order_emails_is_sending":1,"woocommerce-login-nonce":"","_wpnonce":"","archive":"bemaxacademy.com-20180712-102617-599.wpress","priority":"150","total_files_count":"24567","total_files_size":"12470586000","file_bytes_offset":0,"filemap_bytes_offset":749834,"processed_files_size":215913888,"completed":false}

Jul 12 2018 10:39:23
{"action":"ai1wm_export","options":{"replace":{"old_value":[""],"new_value":[""]}},"ai1wm_manual_export":"1","storage":"b2k07b1cfzx1","secret_key":"xqhb5FTWuSKo","woocs_order_emails_is_sending":1,"woocommerce-login-nonce":"","_wpnonce":"","archive":"bemaxacademy.com-20180712-102617-599.wpress","priority":"150","total_files_count":"24567","total_files_size":"12470586000","file_bytes_offset":0,"filemap_bytes_offset":803549,"processed_files_size":229453583,"completed":false}

Jul 12 2018 10:39:37
{"action":"ai1wm_export","options":{"replace":{"old_value":[""],"new_value":[""]}},"ai1wm_manual_export":"1","storage":"b2k07b1cfzx1","secret_key":"xqhb5FTWuSKo","woocs_order_emails_is_sending":1,"woocommerce-login-nonce":"","_wpnonce":"","archive":"bemaxacademy.com-20180712-102617-599.wpress","priority":"150","total_files_count":"24567","total_files_size":"12470586000","file_bytes_offset":0,"filemap_bytes_offset":813163,"processed_files_size":240871979,"completed":false}

Jul 12 2018 10:39:58
{"action":"ai1wm_export","options":{"replace":{"old_value":[""],"new_value":[""]}},"ai1wm_manual_export":"1","storage":"b2k07b1cfzx1","secret_key":"xqhb5FTWuSKo","woocs_order_emails_is_sending":1,"woocommerce-login-nonce":"","_wpnonce":"","archive":"bemaxacademy.com-20180712-102617-599.wpress","priority":"150","total_files_count":"24567","total_files_size":"12470586000","file_bytes_offset":48640000,"filemap_bytes_offset":816245,"processed_files_size":293969943,"completed":false}

Jul 12 2018 10:40:24
{"action":"ai1wm_export","options":{"replace":{"old_value":[""],"new_value":[""]}},"ai1wm_manual_export":"1","storage":"b2k07b1cfzx1","secret_key":"xqhb5FTWuSKo","woocs_order_emails_is_sending":1,"woocommerce-login-nonce":"","_wpnonce":"","archive":"bemaxacademy.com-20180712-102617-599.wpress","priority":"150","total_files_count":"24567","total_files_size":"12470586000","file_bytes_offset":76288000,"filemap_bytes_offset":816245,"processed_files_size":321617943,"completed":false}

Jul 12 2018 10:40:38
{"action":"ai1wm_export","options":{"replace":{"old_value":[""],"new_value":[""]}},"ai1wm_manual_export":"1","storage":"b2k07b1cfzx1","secret_key":"xqhb5FTWuSKo","woocs_order_emails_is_sending":1,"woocommerce-login-nonce":"","_wpnonce":"","archive":"bemaxacademy.com-20180712-102617-599.wpress","priority":"150","total_files_count":"24567","total_files_size":"12470586000","file_bytes_offset":112128000,"filemap_bytes_offset":816245,"processed_files_size":357457943,"completed":false}

Jul 12 2018 10:41:01
{"action":"ai1wm_export","options":{"replace":{"old_value":[""],"new_value":[""]}},"ai1wm_manual_export":"1","storage":"b2k07b1cfzx1","secret_key":"xqhb5FTWuSKo","woocs_order_emails_is_sending":1,"woocommerce-login-nonce":"","_wpnonce":"","archive":"bemaxacademy.com-20180712-102617-599.wpress","priority":"150","total_files_count":"24567","total_files_size":"12470586000","file_bytes_offset":161280000,"filemap_bytes_offset":816245,"processed_files_size":406609943,"completed":false}

Jul 12 2018 10:41:31
{"action":"ai1wm_export","options":{"replace":{"old_value":[""],"new_value":[""]}},"ai1wm_manual_export":"1","storage":"b2k07b1cfzx1","secret_key":"xqhb5FTWuSKo","woocs_order_emails_is_sending":1,"woocommerce-login-nonce":"","_wpnonce":"","archive":"bemaxacademy.com-20180712-102617-599.wpress","priority":"150","total_files_count":"24567","total_files_size":"12470586000","file_bytes_offset":186368000,"filemap_bytes_offset":816245,"processed_files_size":431697943,"completed":false}

Jul 12 2018 10:41:55
{"action":"ai1wm_export","options":{"replace":{"old_value":[""],"new_value":[""]}},"ai1wm_manual_export":"1","storage":"b2k07b1cfzx1","secret_key":"xqhb5FTWuSKo","woocs_order_emails_is_sending":1,"woocommerce-login-nonce":"","_wpnonce":"","archive":"bemaxacademy.com-20180712-102617-599.wpress","priority":"150","total_files_count":"24567","total_files_size":"12470586000","file_bytes_offset":235008000,"filemap_bytes_offset":816245,"processed_files_size":480337943,"completed":false}

Jul 12 2018 10:42:20
{"action":"ai1wm_export","options":{"replace":{"old_value":[""],"new_value":[""]}},"ai1wm_manual_export":"1","storage":"b2k07b1cfzx1","secret_key":"xqhb5FTWuSKo","woocs_order_emails_is_sending":1,"woocommerce-login-nonce":"","_wpnonce":"","archive":"bemaxacademy.com-20180712-102617-599.wpress","priority":"150","total_files_count":"24567","total_files_size":"12470586000","file_bytes_offset":258560000,"filemap_bytes_offset":816245,"processed_files_size":503889943,"completed":false}

Jul 12 2018 10:42:45
{"action":"ai1wm_export","options":{"replace":{"old_value":[""],"new_value":[""]}},"ai1wm_manual_export":"1","storage":"b2k07b1cfzx1","secret_key":"xqhb5FTWuSKo","woocs_order_emails_is_sending":1,"woocommerce-login-nonce":"","_wpnonce":"","archive":"bemaxacademy.com-20180712-102617-599.wpress","priority":"150","total_files_count":"24567","total_files_size":"12470586000","file_bytes_offset":281088000,"filemap_bytes_offset":816245,"processed_files_size":526417943,"completed":false}

Jul 12 2018 10:43:01
{"action":"ai1wm_export","options":{"replace":{"old_value":[""],"new_value":[""]}},"ai1wm_manual_export":"1","storage":"b2k07b1cfzx1","secret_key":"xqhb5FTWuSKo","woocs_order_emails_is_sending":1,"woocommerce-login-nonce":"","_wpnonce":"","archive":"bemaxacademy.com-20180712-102617-599.wpress","priority":"150","total_files_count":"24567","total_files_size":"12470586000","file_bytes_offset":304640000,"filemap_bytes_offset":816245,"processed_files_size":549969943,"completed":false}

Jul 12 2018 10:43:18
{"action":"ai1wm_export","options":{"replace":{"old_value":[""],"new_value":[""]}},"ai1wm_manual_export":"1","storage":"b2k07b1cfzx1","secret_key":"xqhb5FTWuSKo","woocs_order_emails_is_sending":1,"woocommerce-login-nonce":"","_wpnonce":"","archive":"bemaxacademy.com-20180712-102617-599.wpress","priority":"150","total_files_count":"24567","total_files_size":"12470586000","file_bytes_offset":360960000,"filemap_bytes_offset":816245,"processed_files_size":606289943,"completed":false}

Jul 12 2018 10:43:36
{"action":"ai1wm_export","options":{"replace":{"old_value":[""],"new_value":[""]}},"ai1wm_manual_export":"1","storage":"b2k07b1cfzx1","secret_key":"xqhb5FTWuSKo","woocs_order_emails_is_sending":1,"woocommerce-login-nonce":"","_wpnonce":"","archive":"bemaxacademy.com-20180712-102617-599.wpress","priority":"150","total_files_count":"24567","total_files_size":"12470586000","file_bytes_offset":366592000,"filemap_bytes_offset":816245,"processed_files_size":611921943,"completed":false}

Jul 12 2018 10:43:51
{"action":"ai1wm_export","options":{"replace":{"old_value":[""],"new_value":[""]}},"ai1wm_manual_export":"1","storage":"b2k07b1cfzx1","secret_key":"xqhb5FTWuSKo","woocs_order_emails_is_sending":1,"woocommerce-login-nonce":"","_wpnonce":"","archive":"bemaxacademy.com-20180712-102617-599.wpress","priority":"150","total_files_count":"24567","total_files_size":"12470586000","file_bytes_offset":384512000,"filemap_bytes_offset":816245,"processed_files_size":629841943,"completed":false}

Jul 12 2018 10:44:11
{"action":"ai1wm_export","options":{"replace":{"old_value":[""],"new_value":[""]}},"ai1wm_manual_export":"1","storage":"b2k07b1cfzx1","secret_key":"xqhb5FTWuSKo","woocs_order_emails_is_sending":1,"woocommerce-login-nonce":"","_wpnonce":"","archive":"bemaxacademy.com-20180712-102617-599.wpress","priority":"150","total_files_count":"24567","total_files_size":"12470586000","file_bytes_offset":403968000,"filemap_bytes_offset":816245,"processed_files_size":649297943,"completed":false}

Jul 12 2018 10:44:44
{"action":"ai1wm_export","options":{"replace":{"old_value":[""],"new_value":[""]}},"ai1wm_manual_export":"1","storage":"b2k07b1cfzx1","secret_key":"xqhb5FTWuSKo","woocs_order_emails_is_sending":1,"woocommerce-login-nonce":"","_wpnonce":"","archive":"bemaxacademy.com-20180712-102617-599.wpress","priority":"150","total_files_count":"24567","total_files_size":"12470586000","file_bytes_offset":0,"filemap_bytes_offset":816450,"processed_files_size":732897095,"completed":false}

Jul 12 2018 10:44:59
{"action":"ai1wm_export","options":{"replace":{"old_value":[""],"new_value":[""]}},"ai1wm_manual_export":"1","storage":"b2k07b1cfzx1","secret_key":"xqhb5FTWuSKo","woocs_order_emails_is_sending":1,"woocommerce-login-nonce":"","_wpnonce":"","archive":"bemaxacademy.com-20180712-102617-599.wpress","priority":"150","total_files_count":"24567","total_files_size":"12470586000","file_bytes_offset":46592000,"filemap_bytes_offset":816479,"processed_files_size":779603102,"completed":false}

Jul 12 2018 10:45:26
{"action":"ai1wm_export","options":{"replace":{"old_value":[""],"new_value":[""]}},"ai1wm_manual_export":"1","storage":"b2k07b1cfzx1","secret_key":"xqhb5FTWuSKo","woocs_order_emails_is_sending":1,"woocommerce-login-nonce":"","_wpnonce":"","archive":"bemaxacademy.com-20180712-102617-599.wpress","priority":"150","total_files_count":"24567","total_files_size":"12470586000","file_bytes_offset":105984000,"filemap_bytes_offset":816479,"processed_files_size":838995102,"completed":false}

Jul 12 2018 10:45:50
{"action":"ai1wm_export","options":{"replace":{"old_value":[""],"new_value":[""]}},"ai1wm_manual_export":"1","storage":"b2k07b1cfzx1","secret_key":"xqhb5FTWuSKo","woocs_order_emails_is_sending":1,"woocommerce-login-nonce":"","_wpnonce":"","archive":"bemaxacademy.com-20180712-102617-599.wpress","priority":"150","total_files_count":"24567","total_files_size":"12470586000","file_bytes_offset":148480000,"filemap_bytes_offset":816479,"processed_files_size":881491102,"completed":false}

Jul 12 2018 10:46:05
{"action":"ai1wm_export","options":{"replace":{"old_value":[""],"new_value":[""]}},"ai1wm_manual_export":"1","storage":"b2k07b1cfzx1","secret_key":"xqhb5FTWuSKo","woocs_order_emails_is_sending":1,"woocommerce-login-nonce":"","_wpnonce":"","archive":"bemaxacademy.com-20180712-102617-599.wpress","priority":"150","total_files_count":"24567","total_files_size":"12470586000","file_bytes_offset":184832000,"filemap_bytes_offset":816479,"processed_files_size":917843102,"completed":false}

Jul 12 2018 10:46:21
{"action":"ai1wm_export","options":{"replace":{"old_value":[""],"new_value":[""]}},"ai1wm_manual_export":"1","storage":"b2k07b1cfzx1","secret_key":"xqhb5FTWuSKo","woocs_order_emails_is_sending":1,"woocommerce-login-nonce":"","_wpnonce":"","archive":"bemaxacademy.com-20180712-102617-599.wpress","priority":"150","total_files_count":"24567","total_files_size":"12470586000","file_bytes_offset":223232000,"filemap_bytes_offset":816479,"processed_files_size":956243102,"completed":false}

Jul 12 2018 10:46:35
{"action":"ai1wm_export","options":{"replace":{"old_value":[""],"new_value":[""]}},"ai1wm_manual_export":"1","storage":"b2k07b1cfzx1","secret_key":"xqhb5FTWuSKo","woocs_order_emails_is_sending":1,"woocommerce-login-nonce":"","_wpnonce":"","archive":"bemaxacademy.com-20180712-102617-599.wpress","priority":"150","total_files_count":"24567","total_files_size":"12470586000","file_bytes_offset":274944000,"filemap_bytes_offset":816479,"processed_files_size":1007955102,"completed":false}

Jul 12 2018 10:46:53
{"action":"ai1wm_export","options":{"replace":{"old_value":[""],"new_value":[""]}},"ai1wm_manual_export":"1","storage":"b2k07b1cfzx1","secret_key":"xqhb5FTWuSKo","woocs_order_emails_is_sending":1,"woocommerce-login-nonce":"","_wpnonce":"","archive":"bemaxacademy.com-20180712-102617-599.wpress","priority":"150","total_files_count":"24567","total_files_size":"12470586000","file_bytes_offset":282112000,"filemap_bytes_offset":816479,"processed_files_size":1015123102,"completed":false}

Jul 12 2018 10:47:05
{"action":"ai1wm_export","options":{"replace":{"old_value":[""],"new_value":[""]}},"ai1wm_manual_export":"1","storage":"b2k07b1cfzx1","secret_key":"xqhb5FTWuSKo","woocs_order_emails_is_sending":1,"woocommerce-login-nonce":"","_wpnonce":"","archive":"bemaxacademy.com-20180712-102617-599.wpress","priority":"150","total_files_count":"24567","total_files_size":"12470586000","file_bytes_offset":320000000,"filemap_bytes_offset":816479,"processed_files_size":1053011102,"completed":false}

Jul 12 2018 10:47:23
{"action":"ai1wm_export","options":{"replace":{"old_value":[""],"new_value":[""]}},"ai1wm_manual_export":"1","storage":"b2k07b1cfzx1","secret_key":"xqhb5FTWuSKo","woocs_order_emails_is_sending":1,"woocommerce-login-nonce":"","_wpnonce":"","archive":"bemaxacademy.com-20180712-102617-599.wpress","priority":"150","total_files_count":"24567","total_files_size":"12470586000","file_bytes_offset":12288000,"filemap_bytes_offset":816582,"processed_files_size":1087002469,"completed":false}

Jul 12 2018 10:47:36
{"action":"ai1wm_export","options":{"replace":{"old_value":[""],"new_value":[""]}},"ai1wm_manual_export":"1","storage":"b2k07b1cfzx1","secret_key":"xqhb5FTWuSKo","woocs_order_emails_is_sending":1,"woocommerce-login-nonce":"","_wpnonce":"","archive":"bemaxacademy.com-20180712-102617-599.wpress","priority":"150","total_files_count":"24567","total_files_size":"12470586000","file_bytes_offset":62464000,"filemap_bytes_offset":816582,"processed_files_size":1137178469,"completed":false}

Jul 12 2018 10:47:49
{"action":"ai1wm_export","options":{"replace":{"old_value":[""],"new_value":[""]}},"ai1wm_manual_export":"1","storage":"b2k07b1cfzx1","secret_key":"xqhb5FTWuSKo","woocs_order_emails_is_sending":1,"woocommerce-login-nonce":"","_wpnonce":"","archive":"bemaxacademy.com-20180712-102617-599.wpress","priority":"150","total_files_count":"24567","total_files_size":"12470586000","file_bytes_offset":102400000,"filemap_bytes_offset":816582,"processed_files_size":1177114469,"completed":false}

Jul 12 2018 10:48:12
{"action":"ai1wm_export","options":{"replace":{"old_value":[""],"new_value":[""]}},"ai1wm_manual_export":"1","storage":"b2k07b1cfzx1","secret_key":"xqhb5FTWuSKo","woocs_order_emails_is_sending":1,"woocommerce-login-nonce":"","_wpnonce":"","archive":"bemaxacademy.com-20180712-102617-599.wpress","priority":"150","total_files_count":"24567","total_files_size":"12470586000","file_bytes_offset":151040000,"filemap_bytes_offset":816582,"processed_files_size":1225754469,"completed":false}

Jul 12 2018 10:48:30
{"action":"ai1wm_export","options":{"replace":{"old_value":[""],"new_value":[""]}},"ai1wm_manual_export":"1","storage":"b2k07b1cfzx1","secret_key":"xqhb5FTWuSKo","woocs_order_emails_is_sending":1,"woocommerce-login-nonce":"","_wpnonce":"","archive":"bemaxacademy.com-20180712-102617-599.wpress","priority":"150","total_files_count":"24567","total_files_size":"12470586000","file_bytes_offset":188416000,"filemap_bytes_offset":816582,"processed_files_size":1263130469,"completed":false}

Jul 12 2018 10:48:46
{"action":"ai1wm_export","options":{"replace":{"old_value":[""],"new_value":[""]}},"ai1wm_manual_export":"1","storage":"b2k07b1cfzx1","secret_key":"xqhb5FTWuSKo","woocs_order_emails_is_sending":1,"woocommerce-login-nonce":"","_wpnonce":"","archive":"bemaxacademy.com-20180712-102617-599.wpress","priority":"150","total_files_count":"24567","total_files_size":"12470586000","file_bytes_offset":237568000,"filemap_bytes_offset":816582,"processed_files_size":1312282469,"completed":false}

Jul 12 2018 10:49:07
{"action":"ai1wm_export","options":{"replace":{"old_value":[""],"new_value":[""]}},"ai1wm_manual_export":"1","storage":"b2k07b1cfzx1","secret_key":"xqhb5FTWuSKo","woocs_order_emails_is_sending":1,"woocommerce-login-nonce":"","_wpnonce":"","archive":"bemaxacademy.com-20180712-102617-599.wpress","priority":"150","total_files_count":"24567","total_files_size":"12470586000","file_bytes_offset":276480000,"filemap_bytes_offset":816582,"processed_files_size":1351194469,"completed":false}

Jul 12 2018 10:49:21
{"action":"ai1wm_export","options":{"replace":{"old_value":[""],"new_value":[""]}},"ai1wm_manual_export":"1","storage":"b2k07b1cfzx1","secret_key":"xqhb5FTWuSKo","woocs_order_emails_is_sending":1,"woocommerce-login-nonce":"","_wpnonce":"","archive":"bemaxacademy.com-20180712-102617-599.wpress","priority":"150","total_files_count":"24567","total_files_size":"12470586000","file_bytes_offset":301568000,"filemap_bytes_offset":816582,"processed_files_size":1376282469,"completed":false}

Jul 12 2018 10:49:34
{"action":"ai1wm_export","options":{"replace":{"old_value":[""],"new_value":[""]}},"ai1wm_manual_export":"1","storage":"b2k07b1cfzx1","secret_key":"xqhb5FTWuSKo","woocs_order_emails_is_sending":1,"woocommerce-login-nonce":"","_wpnonce":"","archive":"bemaxacademy.com-20180712-102617-599.wpress","priority":"150","total_files_count":"24567","total_files_size":"12470586000","file_bytes_offset":327168000,"filemap_bytes_offset":816582,"processed_files_size":1401882469,"completed":false}

Jul 12 2018 10:49:48
{"action":"ai1wm_export","options":{"replace":{"old_value":[""],"new_value":[""]}},"ai1wm_manual_export":"1","storage":"b2k07b1cfzx1","secret_key":"xqhb5FTWuSKo","woocs_order_emails_is_sending":1,"woocommerce-login-nonce":"","_wpnonce":"","archive":"bemaxacademy.com-20180712-102617-599.wpress","priority":"150","total_files_count":"24567","total_files_size":"12470586000","file_bytes_offset":387584000,"filemap_bytes_offset":816582,"processed_files_size":1462298469,"completed":false}

Jul 12 2018 10:50:08
{"action":"ai1wm_export","options":{"replace":{"old_value":[""],"new_value":[""]}},"ai1wm_manual_export":"1","storage":"b2k07b1cfzx1","secret_key":"xqhb5FTWuSKo","woocs_order_emails_is_sending":1,"woocommerce-login-nonce":"","_wpnonce":"","archive":"bemaxacademy.com-20180712-102617-599.wpress","priority":"150","total_files_count":"24567","total_files_size":"12470586000","file_bytes_offset":405504000,"filemap_bytes_offset":816582,"processed_files_size":1480218469,"completed":false}

Jul 12 2018 10:50:22
{"action":"ai1wm_export","options":{"replace":{"old_value":[""],"new_value":[""]}},"ai1wm_manual_export":"1","storage":"b2k07b1cfzx1","secret_key":"xqhb5FTWuSKo","woocs_order_emails_is_sending":1,"woocommerce-login-nonce":"","_wpnonce":"","archive":"bemaxacademy.com-20180712-102617-599.wpress","priority":"150","total_files_count":"24567","total_files_size":"12470586000","file_bytes_offset":468992000,"filemap_bytes_offset":816582,"processed_files_size":1543706469,"completed":false}

Jul 12 2018 10:50:45
{"action":"ai1wm_export","options":{"replace":{"old_value":[""],"new_value":[""]}},"ai1wm_manual_export":"1","storage":"b2k07b1cfzx1","secret_key":"xqhb5FTWuSKo","woocs_order_emails_is_sending":1,"woocommerce-login-nonce":"","_wpnonce":"","archive":"bemaxacademy.com-20180712-102617-599.wpress","priority":"150","total_files_count":"24567","total_files_size":"12470586000","file_bytes_offset":503296000,"filemap_bytes_offset":816582,"processed_files_size":1578010469,"completed":false}

Jul 12 2018 10:50:58
{"action":"ai1wm_export","options":{"replace":{"old_value":[""],"new_value":[""]}},"ai1wm_manual_export":"1","storage":"b2k07b1cfzx1","secret_key":"xqhb5FTWuSKo","woocs_order_emails_is_sending":1,"woocommerce-login-nonce":"","_wpnonce":"","archive":"bemaxacademy.com-20180712-102617-599.wpress","priority":"150","total_files_count":"24567","total_files_size":"12470586000","file_bytes_offset":559104000,"filemap_bytes_offset":816582,"processed_files_size":1633818469,"completed":false}

Jul 12 2018 10:51:25
{"action":"ai1wm_export","options":{"replace":{"old_value":[""],"new_value":[""]}},"ai1wm_manual_export":"1","storage":"b2k07b1cfzx1","secret_key":"xqhb5FTWuSKo","woocs_order_emails_is_sending":1,"woocommerce-login-nonce":"","_wpnonce":"","archive":"bemaxacademy.com-20180712-102617-599.wpress","priority":"150","total_files_count":"24567","total_files_size":"12470586000","file_bytes_offset":594944000,"filemap_bytes_offset":816582,"processed_files_size":1669658469,"completed":false}

Jul 12 2018 10:54:44
{"action":"ai1wm_export","options":{"replace":{"old_value":[""],"new_value":[""]}},"ai1wm_manual_export":"1","storage":"b2k07b1cfzx1","secret_key":"xqhb5FTWuSKo","woocs_order_emails_is_sending":1,"woocommerce-login-nonce":"","_wpnonce":"","archive":"bemaxacademy.com-20180712-102617-599.wpress","priority":"150","total_files_count":"24567","total_files_size":"12470586000","file_bytes_offset":608256000,"filemap_bytes_offset":816582,"processed_files_size":1682970469,"completed":false}

Jul 12 2018 10:55:04
{"action":"ai1wm_export","options":{"replace":{"old_value":[""],"new_value":[""]}},"ai1wm_manual_export":"1","storage":"b2k07b1cfzx1","secret_key":"xqhb5FTWuSKo","woocs_order_emails_is_sending":1,"woocommerce-login-nonce":"","_wpnonce":"","archive":"bemaxacademy.com-20180712-102617-599.wpress","priority":"150","total_files_count":"24567","total_files_size":"12470586000","file_bytes_offset":673792000,"filemap_bytes_offset":816582,"processed_files_size":1748506469,"completed":false}

Jul 12 2018 10:55:34
{"action":"ai1wm_export","options":{"replace":{"old_value":[""],"new_value":[""]}},"ai1wm_manual_export":"1","storage":"b2k07b1cfzx1","secret_key":"xqhb5FTWuSKo","woocs_order_emails_is_sending":1,"woocommerce-login-nonce":"","_wpnonce":"","archive":"bemaxacademy.com-20180712-102617-599.wpress","priority":"150","total_files_count":"24567","total_files_size":"12470586000","file_bytes_offset":718848000,"filemap_bytes_offset":816582,"processed_files_size":1793562469,"completed":false}

Jul 12 2018 10:58:35
{"action":"ai1wm_export","options":{"replace":{"old_value":[""],"new_value":[""]}},"ai1wm_manual_export":"1","storage":"b2k07b1cfzx1","secret_key":"xqhb5FTWuSKo","woocs_order_emails_is_sending":1,"woocommerce-login-nonce":"","_wpnonce":"","archive":"bemaxacademy.com-20180712-102617-599.wpress","priority":"150","total_files_count":"24567","total_files_size":"12470586000","file_bytes_offset":750080000,"filemap_bytes_offset":816582,"processed_files_size":1824794469,"completed":false}

Jul 12 2018 10:58:53
{"action":"ai1wm_export","options":{"replace":{"old_value":[""],"new_value":[""]}},"ai1wm_manual_export":"1","storage":"b2k07b1cfzx1","secret_key":"xqhb5FTWuSKo","woocs_order_emails_is_sending":1,"woocommerce-login-nonce":"","_wpnonce":"","archive":"bemaxacademy.com-20180712-102617-599.wpress","priority":"150","total_files_count":"24567","total_files_size":"12470586000","file_bytes_offset":791040000,"filemap_bytes_offset":816582,"processed_files_size":1865754469,"completed":false}

Jul 12 2018 10:59:21
{"action":"ai1wm_export","options":{"replace":{"old_value":[""],"new_value":[""]}},"ai1wm_manual_export":"1","storage":"b2k07b1cfzx1","secret_key":"xqhb5FTWuSKo","woocs_order_emails_is_sending":1,"woocommerce-login-nonce":"","_wpnonce":"","archive":"bemaxacademy.com-20180712-102617-599.wpress","priority":"150","total_files_count":"24567","total_files_size":"12470586000","file_bytes_offset":844800000,"filemap_bytes_offset":816582,"processed_files_size":1919514469,"completed":false}

Jul 12 2018 10:59:46
{"action":"ai1wm_export","options":{"replace":{"old_value":[""],"new_value":[""]}},"ai1wm_manual_export":"1","storage":"b2k07b1cfzx1","secret_key":"xqhb5FTWuSKo","woocs_order_emails_is_sending":1,"woocommerce-login-nonce":"","_wpnonce":"","archive":"bemaxacademy.com-20180712-102617-599.wpress","priority":"150","total_files_count":"24567","total_files_size":"12470586000","file_bytes_offset":887808000,"filemap_bytes_offset":816582,"processed_files_size":1962522469,"completed":false}

Jul 12 2018 11:00:00
{"action":"ai1wm_export","options":{"replace":{"old_value":[""],"new_value":[""]}},"ai1wm_manual_export":"1","storage":"b2k07b1cfzx1","secret_key":"xqhb5FTWuSKo","woocs_order_emails_is_sending":1,"woocommerce-login-nonce":"","_wpnonce":"","archive":"bemaxacademy.com-20180712-102617-599.wpress","priority":"150","total_files_count":"24567","total_files_size":"12470586000","file_bytes_offset":944640000,"filemap_bytes_offset":816582,"processed_files_size":2019354469,"completed":false}

Jul 12 2018 11:01:49
{"action":"ai1wm_export","options":{"replace":{"old_value":[""],"new_value":[""]}},"ai1wm_manual_export":"1","storage":"b2k07b1cfzx1","secret_key":"xqhb5FTWuSKo","woocs_order_emails_is_sending":1,"woocommerce-login-nonce":"","_wpnonce":"","archive":"bemaxacademy.com-20180712-102617-599.wpress","priority":"150","total_files_count":"24567","total_files_size":"12470586000","file_bytes_offset":969728000,"filemap_bytes_offset":816582,"processed_files_size":2044442469,"completed":false}

Jul 12 2018 11:02:04
{"action":"ai1wm_export","options":{"replace":{"old_value":[""],"new_value":[""]}},"ai1wm_manual_export":"1","storage":"b2k07b1cfzx1","secret_key":"xqhb5FTWuSKo","woocs_order_emails_is_sending":1,"woocommerce-login-nonce":"","_wpnonce":"","archive":"bemaxacademy.com-20180712-102617-599.wpress","priority":"150","total_files_count":"24567","total_files_size":"12470586000","file_bytes_offset":1023488000,"filemap_bytes_offset":816582,"processed_files_size":2098202469,"completed":false}

Jul 12 2018 11:02:27
{"action":"ai1wm_export","options":{"replace":{"old_value":[""],"new_value":[""]}},"ai1wm_manual_export":"1","storage":"b2k07b1cfzx1","secret_key":"xqhb5FTWuSKo","woocs_order_emails_is_sending":1,"woocommerce-login-nonce":"","_wpnonce":"","archive":"bemaxacademy.com-20180712-102617-599.wpress","priority":"150","total_files_count":"24567","total_files_size":"12470586000","file_bytes_offset":1040384000,"filemap_bytes_offset":816582,"processed_files_size":2115098469,"completed":false}

Jul 12 2018 11:02:44
{"action":"ai1wm_export","options":{"replace":{"old_value":[""],"new_value":[""]}},"ai1wm_manual_export":"1","storage":"b2k07b1cfzx1","secret_key":"xqhb5FTWuSKo","woocs_order_emails_is_sending":1,"woocommerce-login-nonce":"","_wpnonce":"","archive":"bemaxacademy.com-20180712-102617-599.wpress","priority":"150","total_files_count":"24567","total_files_size":"12470586000","file_bytes_offset":1091584000,"filemap_bytes_offset":816582,"processed_files_size":2166298469,"completed":false}

Jul 12 2018 11:05:48
{"action":"ai1wm_export","options":{"replace":{"old_value":[""],"new_value":[""]}},"ai1wm_manual_export":"1","storage":"b2k07b1cfzx1","secret_key":"xqhb5FTWuSKo","woocs_order_emails_is_sending":1,"woocommerce-login-nonce":"","_wpnonce":"","archive":"bemaxacademy.com-20180712-102617-599.wpress","priority":"150","total_files_count":"24567","total_files_size":"12470586000","file_bytes_offset":1117184000,"filemap_bytes_offset":816582,"processed_files_size":2191898469,"completed":false}

Jul 12 2018 11:06:07
{"action":"ai1wm_export","options":{"replace":{"old_value":[""],"new_value":[""]}},"ai1wm_manual_export":"1","storage":"b2k07b1cfzx1","secret_key":"xqhb5FTWuSKo","woocs_order_emails_is_sending":1,"woocommerce-login-nonce":"","_wpnonce":"","archive":"bemaxacademy.com-20180712-102617-599.wpress","priority":"150","total_files_count":"24567","total_files_size":"12470586000","file_bytes_offset":1172992000,"filemap_bytes_offset":816582,"processed_files_size":2247706469,"completed":false}

Jul 12 2018 11:06:38
{"action":"ai1wm_export","options":{"replace":{"old_value":[""],"new_value":[""]}},"ai1wm_manual_export":"1","storage":"b2k07b1cfzx1","secret_key":"xqhb5FTWuSKo","woocs_order_emails_is_sending":1,"woocommerce-login-nonce":"","_wpnonce":"","archive":"bemaxacademy.com-20180712-102617-599.wpress","priority":"150","total_files_count":"24567","total_files_size":"12470586000","file_bytes_offset":1229312000,"filemap_bytes_offset":816582,"processed_files_size":2304026469,"completed":false}

Jul 12 2018 11:10:14
{"action":"ai1wm_export","options":{"replace":{"old_value":[""],"new_value":[""]}},"ai1wm_manual_export":"1","storage":"b2k07b1cfzx1","secret_key":"xqhb5FTWuSKo","woocs_order_emails_is_sending":1,"woocommerce-login-nonce":"","_wpnonce":"","archive":"bemaxacademy.com-20180712-102617-599.wpress","priority":"150","total_files_count":"24567","total_files_size":"12470586000","file_bytes_offset":1236992000,"filemap_bytes_offset":816582,"processed_files_size":2311706469,"completed":false}

Jul 12 2018 11:10:35
{"action":"ai1wm_export","options":{"replace":{"old_value":[""],"new_value":[""]}},"ai1wm_manual_export":"1","storage":"b2k07b1cfzx1","secret_key":"xqhb5FTWuSKo","woocs_order_emails_is_sending":1,"woocommerce-login-nonce":"","_wpnonce":"","archive":"bemaxacademy.com-20180712-102617-599.wpress","priority":"150","total_files_count":"24567","total_files_size":"12470586000","file_bytes_offset":1305600000,"filemap_bytes_offset":816582,"processed_files_size":2380314469,"completed":false}

Jul 12 2018 11:12:49
{"action":"ai1wm_export","options":{"replace":{"old_value":[""],"new_value":[""]}},"ai1wm_manual_export":"1","storage":"b2k07b1cfzx1","secret_key":"xqhb5FTWuSKo","woocs_order_emails_is_sending":1,"woocommerce-login-nonce":"","_wpnonce":"","archive":"bemaxacademy.com-20180712-102617-599.wpress","priority":"150","total_files_count":"24567","total_files_size":"12470586000","file_bytes_offset":1310208000,"filemap_bytes_offset":816582,"processed_files_size":2384922469,"completed":false}

Jul 12 2018 11:17:28
{"action":"ai1wm_export","options":{"replace":{"old_value":[""],"new_value":[""]}},"ai1wm_manual_export":"1","storage":"b2k07b1cfzx1","secret_key":"xqhb5FTWuSKo","woocs_order_emails_is_sending":1,"woocommerce-login-nonce":"","_wpnonce":"","archive":"bemaxacademy.com-20180712-102617-599.wpress","priority":"150","total_files_count":"24567","total_files_size":"12470586000","file_bytes_offset":1323008000,"filemap_bytes_offset":816582,"processed_files_size":2397722469,"completed":false}

Jul 12 2018 11:17:49
{"action":"ai1wm_export","options":{"replace":{"old_value":[""],"new_value":[""]}},"ai1wm_manual_export":"1","storage":"b2k07b1cfzx1","secret_key":"xqhb5FTWuSKo","woocs_order_emails_is_sending":1,"woocommerce-login-nonce":"","_wpnonce":"","archive":"bemaxacademy.com-20180712-102617-599.wpress","priority":"150","total_files_count":"24567","total_files_size":"12470586000","file_bytes_offset":1378304000,"filemap_bytes_offset":816582,"processed_files_size":2453018469,"completed":false}

