May 07 2018 12:48:15
{"action":"ai1wm_export","_fs_blog_admin":"true","options":{"replace":{"old_value":[""],"new_value":[""]}},"ai1wm_manual_export":"1","storage":"kgwa8sbefkqf","secret_key":"xqhb5FTWuSKo","archive":"bemaxacademy.com-20180507-124815-868.wpress"}

May 07 2018 12:48:16
{"action":"ai1wm_export","_fs_blog_admin":"true","options":{"replace":{"old_value":[""],"new_value":[""]}},"ai1wm_manual_export":"1","storage":"kgwa8sbefkqf","secret_key":"xqhb5FTWuSKo","archive":"bemaxacademy.com-20180507-124815-868.wpress"}

May 07 2018 12:48:24
{"action":"ai1wm_export","_fs_blog_admin":"true","options":{"replace":{"old_value":[""],"new_value":[""]}},"ai1wm_manual_export":"1","storage":"kgwa8sbefkqf","secret_key":"xqhb5FTWuSKo","archive":"bemaxacademy.com-20180507-124815-868.wpress","priority":"10"}

May 07 2018 12:48:34
{"action":"ai1wm_export","_fs_blog_admin":"true","options":{"replace":{"old_value":[""],"new_value":[""]}},"ai1wm_manual_export":"1","storage":"kgwa8sbefkqf","secret_key":"xqhb5FTWuSKo","archive":"bemaxacademy.com-20180507-124815-868.wpress","priority":"50"}

May 07 2018 12:49:33
{"action":"ai1wm_export","_fs_blog_admin":"true","options":{"replace":{"old_value":[""],"new_value":[""]}},"ai1wm_manual_export":"1","storage":"kgwa8sbefkqf","secret_key":"xqhb5FTWuSKo","archive":"bemaxacademy.com-20180507-124815-868.wpress","priority":"100","total_files_count":25629,"total_files_size":3760568540}

May 07 2018 12:49:50
{"action":"ai1wm_export","_fs_blog_admin":"true","options":{"replace":{"old_value":[""],"new_value":[""]}},"ai1wm_manual_export":"1","storage":"kgwa8sbefkqf","secret_key":"xqhb5FTWuSKo","archive":"bemaxacademy.com-20180507-124815-868.wpress","priority":"150","total_files_count":"25629","total_files_size":"3760568540","file_bytes_offset":0,"filemap_bytes_offset":6763,"processed_files_size":21064032,"completed":false}

May 07 2018 12:50:10
{"action":"ai1wm_export","_fs_blog_admin":"true","options":{"replace":{"old_value":[""],"new_value":[""]}},"ai1wm_manual_export":"1","storage":"kgwa8sbefkqf","secret_key":"xqhb5FTWuSKo","archive":"bemaxacademy.com-20180507-124815-868.wpress","priority":"150","total_files_count":"25629","total_files_size":"3760568540","file_bytes_offset":0,"filemap_bytes_offset":14961,"processed_files_size":23617210,"completed":false}

May 07 2018 12:50:34
{"action":"ai1wm_export","_fs_blog_admin":"true","options":{"replace":{"old_value":[""],"new_value":[""]}},"ai1wm_manual_export":"1","storage":"kgwa8sbefkqf","secret_key":"xqhb5FTWuSKo","archive":"bemaxacademy.com-20180507-124815-868.wpress","priority":"150","total_files_count":"25629","total_files_size":"3760568540","file_bytes_offset":0,"filemap_bytes_offset":21805,"processed_files_size":32991795,"completed":false}

May 07 2018 12:51:00
{"action":"ai1wm_export","_fs_blog_admin":"true","options":{"replace":{"old_value":[""],"new_value":[""]}},"ai1wm_manual_export":"1","storage":"kgwa8sbefkqf","secret_key":"xqhb5FTWuSKo","archive":"bemaxacademy.com-20180507-124815-868.wpress","priority":"150","total_files_count":"25629","total_files_size":"3760568540","file_bytes_offset":0,"filemap_bytes_offset":37819,"processed_files_size":40455868,"completed":false}

May 07 2018 12:51:23
{"action":"ai1wm_export","_fs_blog_admin":"true","options":{"replace":{"old_value":[""],"new_value":[""]}},"ai1wm_manual_export":"1","storage":"kgwa8sbefkqf","secret_key":"xqhb5FTWuSKo","archive":"bemaxacademy.com-20180507-124815-868.wpress","priority":"150","total_files_count":"25629","total_files_size":"3760568540","file_bytes_offset":0,"filemap_bytes_offset":41296,"processed_files_size":57151495,"completed":false}

May 07 2018 12:51:50
{"action":"ai1wm_export","_fs_blog_admin":"true","options":{"replace":{"old_value":[""],"new_value":[""]}},"ai1wm_manual_export":"1","storage":"kgwa8sbefkqf","secret_key":"xqhb5FTWuSKo","archive":"bemaxacademy.com-20180507-124815-868.wpress","priority":"150","total_files_count":"25629","total_files_size":"3760568540","file_bytes_offset":0,"filemap_bytes_offset":51576,"processed_files_size":59590510,"completed":false}

May 07 2018 12:52:09
{"action":"ai1wm_export","_fs_blog_admin":"true","options":{"replace":{"old_value":[""],"new_value":[""]}},"ai1wm_manual_export":"1","storage":"kgwa8sbefkqf","secret_key":"xqhb5FTWuSKo","archive":"bemaxacademy.com-20180507-124815-868.wpress","priority":"150","total_files_count":"25629","total_files_size":"3760568540","file_bytes_offset":0,"filemap_bytes_offset":61960,"processed_files_size":59993762,"completed":false}

May 07 2018 12:52:32
{"action":"ai1wm_export","_fs_blog_admin":"true","options":{"replace":{"old_value":[""],"new_value":[""]}},"ai1wm_manual_export":"1","storage":"kgwa8sbefkqf","secret_key":"xqhb5FTWuSKo","archive":"bemaxacademy.com-20180507-124815-868.wpress","priority":"150","total_files_count":"25629","total_files_size":"3760568540","file_bytes_offset":0,"filemap_bytes_offset":74221,"processed_files_size":61867608,"completed":false}

May 07 2018 12:52:56
{"action":"ai1wm_export","_fs_blog_admin":"true","options":{"replace":{"old_value":[""],"new_value":[""]}},"ai1wm_manual_export":"1","storage":"kgwa8sbefkqf","secret_key":"xqhb5FTWuSKo","archive":"bemaxacademy.com-20180507-124815-868.wpress","priority":"150","total_files_count":"25629","total_files_size":"3760568540","file_bytes_offset":0,"filemap_bytes_offset":82400,"processed_files_size":71900208,"completed":false}

May 07 2018 12:53:18
{"action":"ai1wm_export","_fs_blog_admin":"true","options":{"replace":{"old_value":[""],"new_value":[""]}},"ai1wm_manual_export":"1","storage":"kgwa8sbefkqf","secret_key":"xqhb5FTWuSKo","archive":"bemaxacademy.com-20180507-124815-868.wpress","priority":"150","total_files_count":"25629","total_files_size":"3760568540","file_bytes_offset":0,"filemap_bytes_offset":94860,"processed_files_size":74309741,"completed":false}

May 07 2018 12:53:38
{"action":"ai1wm_export","_fs_blog_admin":"true","options":{"replace":{"old_value":[""],"new_value":[""]}},"ai1wm_manual_export":"1","storage":"kgwa8sbefkqf","secret_key":"xqhb5FTWuSKo","archive":"bemaxacademy.com-20180507-124815-868.wpress","priority":"150","total_files_count":"25629","total_files_size":"3760568540","file_bytes_offset":0,"filemap_bytes_offset":104264,"processed_files_size":79920288,"completed":false}

May 07 2018 12:54:11
{"action":"ai1wm_export","_fs_blog_admin":"true","options":{"replace":{"old_value":[""],"new_value":[""]}},"ai1wm_manual_export":"1","storage":"kgwa8sbefkqf","secret_key":"xqhb5FTWuSKo","archive":"bemaxacademy.com-20180507-124815-868.wpress","priority":"150","total_files_count":"25629","total_files_size":"3760568540","file_bytes_offset":0,"filemap_bytes_offset":129525,"processed_files_size":82146352,"completed":false}

May 07 2018 12:54:35
{"action":"ai1wm_export","_fs_blog_admin":"true","options":{"replace":{"old_value":[""],"new_value":[""]}},"ai1wm_manual_export":"1","storage":"kgwa8sbefkqf","secret_key":"xqhb5FTWuSKo","archive":"bemaxacademy.com-20180507-124815-868.wpress","priority":"150","total_files_count":"25629","total_files_size":"3760568540","file_bytes_offset":0,"filemap_bytes_offset":176415,"processed_files_size":83609872,"completed":false}

May 07 2018 12:55:07
{"action":"ai1wm_export","_fs_blog_admin":"true","options":{"replace":{"old_value":[""],"new_value":[""]}},"ai1wm_manual_export":"1","storage":"kgwa8sbefkqf","secret_key":"xqhb5FTWuSKo","archive":"bemaxacademy.com-20180507-124815-868.wpress","priority":"150","total_files_count":"25629","total_files_size":"3760568540","file_bytes_offset":0,"filemap_bytes_offset":187696,"processed_files_size":84744067,"completed":false}

May 07 2018 12:55:28
{"action":"ai1wm_export","_fs_blog_admin":"true","options":{"replace":{"old_value":[""],"new_value":[""]}},"ai1wm_manual_export":"1","storage":"kgwa8sbefkqf","secret_key":"xqhb5FTWuSKo","archive":"bemaxacademy.com-20180507-124815-868.wpress","priority":"150","total_files_count":"25629","total_files_size":"3760568540","file_bytes_offset":0,"filemap_bytes_offset":222816,"processed_files_size":86335570,"completed":false}

May 07 2018 12:55:53
{"action":"ai1wm_export","_fs_blog_admin":"true","options":{"replace":{"old_value":[""],"new_value":[""]}},"ai1wm_manual_export":"1","storage":"kgwa8sbefkqf","secret_key":"xqhb5FTWuSKo","archive":"bemaxacademy.com-20180507-124815-868.wpress","priority":"150","total_files_count":"25629","total_files_size":"3760568540","file_bytes_offset":0,"filemap_bytes_offset":239994,"processed_files_size":86986963,"completed":false}

May 07 2018 12:56:20
{"action":"ai1wm_export","_fs_blog_admin":"true","options":{"replace":{"old_value":[""],"new_value":[""]}},"ai1wm_manual_export":"1","storage":"kgwa8sbefkqf","secret_key":"xqhb5FTWuSKo","archive":"bemaxacademy.com-20180507-124815-868.wpress","priority":"150","total_files_count":"25629","total_files_size":"3760568540","file_bytes_offset":0,"filemap_bytes_offset":252597,"processed_files_size":88429692,"completed":false}

May 07 2018 12:56:39
{"action":"ai1wm_export","_fs_blog_admin":"true","options":{"replace":{"old_value":[""],"new_value":[""]}},"ai1wm_manual_export":"1","storage":"kgwa8sbefkqf","secret_key":"xqhb5FTWuSKo","archive":"bemaxacademy.com-20180507-124815-868.wpress","priority":"150","total_files_count":"25629","total_files_size":"3760568540","file_bytes_offset":0,"filemap_bytes_offset":262662,"processed_files_size":90276712,"completed":false}

May 07 2018 12:57:01
{"action":"ai1wm_export","_fs_blog_admin":"true","options":{"replace":{"old_value":[""],"new_value":[""]}},"ai1wm_manual_export":"1","storage":"kgwa8sbefkqf","secret_key":"xqhb5FTWuSKo","archive":"bemaxacademy.com-20180507-124815-868.wpress","priority":"150","total_files_count":"25629","total_files_size":"3760568540","file_bytes_offset":0,"filemap_bytes_offset":281434,"processed_files_size":93741965,"completed":false}

May 07 2018 12:57:23
{"action":"ai1wm_export","_fs_blog_admin":"true","options":{"replace":{"old_value":[""],"new_value":[""]}},"ai1wm_manual_export":"1","storage":"kgwa8sbefkqf","secret_key":"xqhb5FTWuSKo","archive":"bemaxacademy.com-20180507-124815-868.wpress","priority":"150","total_files_count":"25629","total_files_size":"3760568540","file_bytes_offset":0,"filemap_bytes_offset":309791,"processed_files_size":99434183,"completed":false}

May 07 2018 12:57:44
{"action":"ai1wm_export","_fs_blog_admin":"true","options":{"replace":{"old_value":[""],"new_value":[""]}},"ai1wm_manual_export":"1","storage":"kgwa8sbefkqf","secret_key":"xqhb5FTWuSKo","archive":"bemaxacademy.com-20180507-124815-868.wpress","priority":"150","total_files_count":"25629","total_files_size":"3760568540","file_bytes_offset":0,"filemap_bytes_offset":322768,"processed_files_size":101101131,"completed":false}

May 07 2018 12:58:09
{"action":"ai1wm_export","_fs_blog_admin":"true","options":{"replace":{"old_value":[""],"new_value":[""]}},"ai1wm_manual_export":"1","storage":"kgwa8sbefkqf","secret_key":"xqhb5FTWuSKo","archive":"bemaxacademy.com-20180507-124815-868.wpress","priority":"150","total_files_count":"25629","total_files_size":"3760568540","file_bytes_offset":0,"filemap_bytes_offset":344700,"processed_files_size":102775163,"completed":false}

May 07 2018 12:58:38
{"action":"ai1wm_export","_fs_blog_admin":"true","options":{"replace":{"old_value":[""],"new_value":[""]}},"ai1wm_manual_export":"1","storage":"kgwa8sbefkqf","secret_key":"xqhb5FTWuSKo","archive":"bemaxacademy.com-20180507-124815-868.wpress","priority":"150","total_files_count":"25629","total_files_size":"3760568540","file_bytes_offset":0,"filemap_bytes_offset":365824,"processed_files_size":111382808,"completed":false}

May 07 2018 12:59:02
{"action":"ai1wm_export","_fs_blog_admin":"true","options":{"replace":{"old_value":[""],"new_value":[""]}},"ai1wm_manual_export":"1","storage":"kgwa8sbefkqf","secret_key":"xqhb5FTWuSKo","archive":"bemaxacademy.com-20180507-124815-868.wpress","priority":"150","total_files_count":"25629","total_files_size":"3760568540","file_bytes_offset":0,"filemap_bytes_offset":385061,"processed_files_size":116470161,"completed":false}

May 07 2018 12:59:23
{"action":"ai1wm_export","_fs_blog_admin":"true","options":{"replace":{"old_value":[""],"new_value":[""]}},"ai1wm_manual_export":"1","storage":"kgwa8sbefkqf","secret_key":"xqhb5FTWuSKo","archive":"bemaxacademy.com-20180507-124815-868.wpress","priority":"150","total_files_count":"25629","total_files_size":"3760568540","file_bytes_offset":0,"filemap_bytes_offset":410913,"processed_files_size":122969080,"completed":false}

May 07 2018 12:59:39
{"action":"ai1wm_export","_fs_blog_admin":"true","options":{"replace":{"old_value":[""],"new_value":[""]}},"ai1wm_manual_export":"1","storage":"kgwa8sbefkqf","secret_key":"xqhb5FTWuSKo","archive":"bemaxacademy.com-20180507-124815-868.wpress","priority":"150","total_files_count":"25629","total_files_size":"3760568540","file_bytes_offset":0,"filemap_bytes_offset":441194,"processed_files_size":128550371,"completed":false}

May 07 2018 12:59:59
{"action":"ai1wm_export","_fs_blog_admin":"true","options":{"replace":{"old_value":[""],"new_value":[""]}},"ai1wm_manual_export":"1","storage":"kgwa8sbefkqf","secret_key":"xqhb5FTWuSKo","archive":"bemaxacademy.com-20180507-124815-868.wpress","priority":"150","total_files_count":"25629","total_files_size":"3760568540","file_bytes_offset":0,"filemap_bytes_offset":492213,"processed_files_size":133660101,"completed":false}

May 07 2018 13:00:29
{"action":"ai1wm_export","_fs_blog_admin":"true","options":{"replace":{"old_value":[""],"new_value":[""]}},"ai1wm_manual_export":"1","storage":"kgwa8sbefkqf","secret_key":"xqhb5FTWuSKo","archive":"bemaxacademy.com-20180507-124815-868.wpress","priority":"150","total_files_count":"25629","total_files_size":"3760568540","file_bytes_offset":0,"filemap_bytes_offset":509291,"processed_files_size":135006427,"completed":false}

May 07 2018 13:00:53
{"action":"ai1wm_export","_fs_blog_admin":"true","options":{"replace":{"old_value":[""],"new_value":[""]}},"ai1wm_manual_export":"1","storage":"kgwa8sbefkqf","secret_key":"xqhb5FTWuSKo","archive":"bemaxacademy.com-20180507-124815-868.wpress","priority":"150","total_files_count":"25629","total_files_size":"3760568540","file_bytes_offset":0,"filemap_bytes_offset":530552,"processed_files_size":138162003,"completed":false}

May 07 2018 13:01:28
{"action":"ai1wm_export","_fs_blog_admin":"true","options":{"replace":{"old_value":[""],"new_value":[""]}},"ai1wm_manual_export":"1","storage":"kgwa8sbefkqf","secret_key":"xqhb5FTWuSKo","archive":"bemaxacademy.com-20180507-124815-868.wpress","priority":"150","total_files_count":"25629","total_files_size":"3760568540","file_bytes_offset":0,"filemap_bytes_offset":544980,"processed_files_size":141828673,"completed":false}

May 07 2018 13:01:49
{"action":"ai1wm_export","_fs_blog_admin":"true","options":{"replace":{"old_value":[""],"new_value":[""]}},"ai1wm_manual_export":"1","storage":"kgwa8sbefkqf","secret_key":"xqhb5FTWuSKo","archive":"bemaxacademy.com-20180507-124815-868.wpress","priority":"150","total_files_count":"25629","total_files_size":"3760568540","file_bytes_offset":0,"filemap_bytes_offset":556360,"processed_files_size":143730228,"completed":false}

May 07 2018 13:02:17
{"action":"ai1wm_export","_fs_blog_admin":"true","options":{"replace":{"old_value":[""],"new_value":[""]}},"ai1wm_manual_export":"1","storage":"kgwa8sbefkqf","secret_key":"xqhb5FTWuSKo","archive":"bemaxacademy.com-20180507-124815-868.wpress","priority":"150","total_files_count":"25629","total_files_size":"3760568540","file_bytes_offset":0,"filemap_bytes_offset":585905,"processed_files_size":147753001,"completed":false}

May 07 2018 13:02:35
{"action":"ai1wm_export","_fs_blog_admin":"true","options":{"replace":{"old_value":[""],"new_value":[""]}},"ai1wm_manual_export":"1","storage":"kgwa8sbefkqf","secret_key":"xqhb5FTWuSKo","archive":"bemaxacademy.com-20180507-124815-868.wpress","priority":"150","total_files_count":"25629","total_files_size":"3760568540","file_bytes_offset":0,"filemap_bytes_offset":604033,"processed_files_size":152808473,"completed":false}

May 07 2018 13:03:04
{"action":"ai1wm_export","_fs_blog_admin":"true","options":{"replace":{"old_value":[""],"new_value":[""]}},"ai1wm_manual_export":"1","storage":"kgwa8sbefkqf","secret_key":"xqhb5FTWuSKo","archive":"bemaxacademy.com-20180507-124815-868.wpress","priority":"150","total_files_count":"25629","total_files_size":"3760568540","file_bytes_offset":0,"filemap_bytes_offset":615032,"processed_files_size":155934827,"completed":false}

May 07 2018 13:03:22
{"action":"ai1wm_export","_fs_blog_admin":"true","options":{"replace":{"old_value":[""],"new_value":[""]}},"ai1wm_manual_export":"1","storage":"kgwa8sbefkqf","secret_key":"xqhb5FTWuSKo","archive":"bemaxacademy.com-20180507-124815-868.wpress","priority":"150","total_files_count":"25629","total_files_size":"3760568540","file_bytes_offset":0,"filemap_bytes_offset":628151,"processed_files_size":167030159,"completed":false}

May 07 2018 13:03:40
{"action":"ai1wm_export","_fs_blog_admin":"true","options":{"replace":{"old_value":[""],"new_value":[""]}},"ai1wm_manual_export":"1","storage":"kgwa8sbefkqf","secret_key":"xqhb5FTWuSKo","archive":"bemaxacademy.com-20180507-124815-868.wpress","priority":"150","total_files_count":"25629","total_files_size":"3760568540","file_bytes_offset":0,"filemap_bytes_offset":641165,"processed_files_size":169088154,"completed":false}

May 07 2018 13:04:01
{"action":"ai1wm_export","_fs_blog_admin":"true","options":{"replace":{"old_value":[""],"new_value":[""]}},"ai1wm_manual_export":"1","storage":"kgwa8sbefkqf","secret_key":"xqhb5FTWuSKo","archive":"bemaxacademy.com-20180507-124815-868.wpress","priority":"150","total_files_count":"25629","total_files_size":"3760568540","file_bytes_offset":0,"filemap_bytes_offset":649066,"processed_files_size":175290303,"completed":false}

May 07 2018 13:04:32
{"action":"ai1wm_export","_fs_blog_admin":"true","options":{"replace":{"old_value":[""],"new_value":[""]}},"ai1wm_manual_export":"1","storage":"kgwa8sbefkqf","secret_key":"xqhb5FTWuSKo","archive":"bemaxacademy.com-20180507-124815-868.wpress","priority":"150","total_files_count":"25629","total_files_size":"3760568540","file_bytes_offset":0,"filemap_bytes_offset":661684,"processed_files_size":177214106,"completed":false}

May 07 2018 13:04:52
{"action":"ai1wm_export","_fs_blog_admin":"true","options":{"replace":{"old_value":[""],"new_value":[""]}},"ai1wm_manual_export":"1","storage":"kgwa8sbefkqf","secret_key":"xqhb5FTWuSKo","archive":"bemaxacademy.com-20180507-124815-868.wpress","priority":"150","total_files_count":"25629","total_files_size":"3760568540","file_bytes_offset":0,"filemap_bytes_offset":670232,"processed_files_size":178648749,"completed":false}

May 07 2018 13:05:16
{"action":"ai1wm_export","_fs_blog_admin":"true","options":{"replace":{"old_value":[""],"new_value":[""]}},"ai1wm_manual_export":"1","storage":"kgwa8sbefkqf","secret_key":"xqhb5FTWuSKo","archive":"bemaxacademy.com-20180507-124815-868.wpress","priority":"150","total_files_count":"25629","total_files_size":"3760568540","file_bytes_offset":0,"filemap_bytes_offset":695209,"processed_files_size":180780928,"completed":false}

May 07 2018 13:05:33
{"action":"ai1wm_export","_fs_blog_admin":"true","options":{"replace":{"old_value":[""],"new_value":[""]}},"ai1wm_manual_export":"1","storage":"kgwa8sbefkqf","secret_key":"xqhb5FTWuSKo","archive":"bemaxacademy.com-20180507-124815-868.wpress","priority":"150","total_files_count":"25629","total_files_size":"3760568540","file_bytes_offset":0,"filemap_bytes_offset":718961,"processed_files_size":181505610,"completed":false}

May 07 2018 13:05:56
{"action":"ai1wm_export","_fs_blog_admin":"true","options":{"replace":{"old_value":[""],"new_value":[""]}},"ai1wm_manual_export":"1","storage":"kgwa8sbefkqf","secret_key":"xqhb5FTWuSKo","archive":"bemaxacademy.com-20180507-124815-868.wpress","priority":"150","total_files_count":"25629","total_files_size":"3760568540","file_bytes_offset":0,"filemap_bytes_offset":743683,"processed_files_size":182942643,"completed":false}

May 07 2018 13:06:16
{"action":"ai1wm_export","_fs_blog_admin":"true","options":{"replace":{"old_value":[""],"new_value":[""]}},"ai1wm_manual_export":"1","storage":"kgwa8sbefkqf","secret_key":"xqhb5FTWuSKo","archive":"bemaxacademy.com-20180507-124815-868.wpress","priority":"150","total_files_count":"25629","total_files_size":"3760568540","file_bytes_offset":0,"filemap_bytes_offset":758375,"processed_files_size":195362933,"completed":false}

May 07 2018 13:06:39
{"action":"ai1wm_export","_fs_blog_admin":"true","options":{"replace":{"old_value":[""],"new_value":[""]}},"ai1wm_manual_export":"1","storage":"kgwa8sbefkqf","secret_key":"xqhb5FTWuSKo","archive":"bemaxacademy.com-20180507-124815-868.wpress","priority":"150","total_files_count":"25629","total_files_size":"3760568540","file_bytes_offset":0,"filemap_bytes_offset":773928,"processed_files_size":200923151,"completed":false}

May 07 2018 13:07:00
{"action":"ai1wm_export","_fs_blog_admin":"true","options":{"replace":{"old_value":[""],"new_value":[""]}},"ai1wm_manual_export":"1","storage":"kgwa8sbefkqf","secret_key":"xqhb5FTWuSKo","archive":"bemaxacademy.com-20180507-124815-868.wpress","priority":"150","total_files_count":"25629","total_files_size":"3760568540","file_bytes_offset":0,"filemap_bytes_offset":816365,"processed_files_size":209494654,"completed":false}

May 07 2018 13:07:23
{"action":"ai1wm_export","_fs_blog_admin":"true","options":{"replace":{"old_value":[""],"new_value":[""]}},"ai1wm_manual_export":"1","storage":"kgwa8sbefkqf","secret_key":"xqhb5FTWuSKo","archive":"bemaxacademy.com-20180507-124815-868.wpress","priority":"150","total_files_count":"25629","total_files_size":"3760568540","file_bytes_offset":0,"filemap_bytes_offset":827204,"processed_files_size":212884415,"completed":false}

May 07 2018 13:07:48
{"action":"ai1wm_export","_fs_blog_admin":"true","options":{"replace":{"old_value":[""],"new_value":[""]}},"ai1wm_manual_export":"1","storage":"kgwa8sbefkqf","secret_key":"xqhb5FTWuSKo","archive":"bemaxacademy.com-20180507-124815-868.wpress","priority":"150","total_files_count":"25629","total_files_size":"3760568540","file_bytes_offset":0,"filemap_bytes_offset":832172,"processed_files_size":218756954,"completed":false}

May 07 2018 13:08:07
{"action":"ai1wm_export","_fs_blog_admin":"true","options":{"replace":{"old_value":[""],"new_value":[""]}},"ai1wm_manual_export":"1","storage":"kgwa8sbefkqf","secret_key":"xqhb5FTWuSKo","archive":"bemaxacademy.com-20180507-124815-868.wpress","priority":"150","total_files_count":"25629","total_files_size":"3760568540","file_bytes_offset":0,"filemap_bytes_offset":837155,"processed_files_size":226350191,"completed":false}

May 07 2018 13:08:32
{"action":"ai1wm_export","_fs_blog_admin":"true","options":{"replace":{"old_value":[""],"new_value":[""]}},"ai1wm_manual_export":"1","storage":"kgwa8sbefkqf","secret_key":"xqhb5FTWuSKo","archive":"bemaxacademy.com-20180507-124815-868.wpress","priority":"150","total_files_count":"25629","total_files_size":"3760568540","file_bytes_offset":30720000,"filemap_bytes_offset":837648,"processed_files_size":257655993,"completed":false}

May 07 2018 13:08:56
{"action":"ai1wm_export","_fs_blog_admin":"true","options":{"replace":{"old_value":[""],"new_value":[""]}},"ai1wm_manual_export":"1","storage":"kgwa8sbefkqf","secret_key":"xqhb5FTWuSKo","archive":"bemaxacademy.com-20180507-124815-868.wpress","priority":"150","total_files_count":"25629","total_files_size":"3760568540","file_bytes_offset":55808000,"filemap_bytes_offset":837648,"processed_files_size":282743993,"completed":false}

May 07 2018 13:09:17
{"action":"ai1wm_export","_fs_blog_admin":"true","options":{"replace":{"old_value":[""],"new_value":[""]}},"ai1wm_manual_export":"1","storage":"kgwa8sbefkqf","secret_key":"xqhb5FTWuSKo","archive":"bemaxacademy.com-20180507-124815-868.wpress","priority":"150","total_files_count":"25629","total_files_size":"3760568540","file_bytes_offset":72704000,"filemap_bytes_offset":837648,"processed_files_size":299639993,"completed":false}

May 07 2018 13:09:45
{"action":"ai1wm_export","_fs_blog_admin":"true","options":{"replace":{"old_value":[""],"new_value":[""]}},"ai1wm_manual_export":"1","storage":"kgwa8sbefkqf","secret_key":"xqhb5FTWuSKo","archive":"bemaxacademy.com-20180507-124815-868.wpress","priority":"150","total_files_count":"25629","total_files_size":"3760568540","file_bytes_offset":103424000,"filemap_bytes_offset":837648,"processed_files_size":330359993,"completed":false}

May 07 2018 13:10:09
{"action":"ai1wm_export","_fs_blog_admin":"true","options":{"replace":{"old_value":[""],"new_value":[""]}},"ai1wm_manual_export":"1","storage":"kgwa8sbefkqf","secret_key":"xqhb5FTWuSKo","archive":"bemaxacademy.com-20180507-124815-868.wpress","priority":"150","total_files_count":"25629","total_files_size":"3760568540","file_bytes_offset":140288000,"filemap_bytes_offset":837648,"processed_files_size":367223993,"completed":false}

May 07 2018 13:10:33
{"action":"ai1wm_export","_fs_blog_admin":"true","options":{"replace":{"old_value":[""],"new_value":[""]}},"ai1wm_manual_export":"1","storage":"kgwa8sbefkqf","secret_key":"xqhb5FTWuSKo","archive":"bemaxacademy.com-20180507-124815-868.wpress","priority":"150","total_files_count":"25629","total_files_size":"3760568540","file_bytes_offset":179712000,"filemap_bytes_offset":837648,"processed_files_size":406647993,"completed":false}

May 07 2018 13:10:55
{"action":"ai1wm_export","_fs_blog_admin":"true","options":{"replace":{"old_value":[""],"new_value":[""]}},"ai1wm_manual_export":"1","storage":"kgwa8sbefkqf","secret_key":"xqhb5FTWuSKo","archive":"bemaxacademy.com-20180507-124815-868.wpress","priority":"150","total_files_count":"25629","total_files_size":"3760568540","file_bytes_offset":185856000,"filemap_bytes_offset":837648,"processed_files_size":412791993,"completed":false}

May 07 2018 13:11:16
{"action":"ai1wm_export","_fs_blog_admin":"true","options":{"replace":{"old_value":[""],"new_value":[""]}},"ai1wm_manual_export":"1","storage":"kgwa8sbefkqf","secret_key":"xqhb5FTWuSKo","archive":"bemaxacademy.com-20180507-124815-868.wpress","priority":"150","total_files_count":"25629","total_files_size":"3760568540","file_bytes_offset":213504000,"filemap_bytes_offset":837648,"processed_files_size":440439993,"completed":false}

May 07 2018 13:11:36
{"action":"ai1wm_export","_fs_blog_admin":"true","options":{"replace":{"old_value":[""],"new_value":[""]}},"ai1wm_manual_export":"1","storage":"kgwa8sbefkqf","secret_key":"xqhb5FTWuSKo","archive":"bemaxacademy.com-20180507-124815-868.wpress","priority":"150","total_files_count":"25629","total_files_size":"3760568540","file_bytes_offset":225280000,"filemap_bytes_offset":837648,"processed_files_size":452215993,"completed":false}

May 07 2018 13:11:54
{"action":"ai1wm_export","_fs_blog_admin":"true","options":{"replace":{"old_value":[""],"new_value":[""]}},"ai1wm_manual_export":"1","storage":"kgwa8sbefkqf","secret_key":"xqhb5FTWuSKo","archive":"bemaxacademy.com-20180507-124815-868.wpress","priority":"150","total_files_count":"25629","total_files_size":"3760568540","file_bytes_offset":254464000,"filemap_bytes_offset":837648,"processed_files_size":481399993,"completed":false}

May 07 2018 13:12:13
{"action":"ai1wm_export","_fs_blog_admin":"true","options":{"replace":{"old_value":[""],"new_value":[""]}},"ai1wm_manual_export":"1","storage":"kgwa8sbefkqf","secret_key":"xqhb5FTWuSKo","archive":"bemaxacademy.com-20180507-124815-868.wpress","priority":"150","total_files_count":"25629","total_files_size":"3760568540","file_bytes_offset":276480000,"filemap_bytes_offset":837648,"processed_files_size":503415993,"completed":false}

May 07 2018 13:12:33
{"action":"ai1wm_export","_fs_blog_admin":"true","options":{"replace":{"old_value":[""],"new_value":[""]}},"ai1wm_manual_export":"1","storage":"kgwa8sbefkqf","secret_key":"xqhb5FTWuSKo","archive":"bemaxacademy.com-20180507-124815-868.wpress","priority":"150","total_files_count":"25629","total_files_size":"3760568540","file_bytes_offset":316928000,"filemap_bytes_offset":837648,"processed_files_size":543863993,"completed":false}

May 07 2018 13:13:02
{"action":"ai1wm_export","_fs_blog_admin":"true","options":{"replace":{"old_value":[""],"new_value":[""]}},"ai1wm_manual_export":"1","storage":"kgwa8sbefkqf","secret_key":"xqhb5FTWuSKo","archive":"bemaxacademy.com-20180507-124815-868.wpress","priority":"150","total_files_count":"25629","total_files_size":"3760568540","file_bytes_offset":351232000,"filemap_bytes_offset":837648,"processed_files_size":578167993,"completed":false}

May 07 2018 13:13:28
{"action":"ai1wm_export","_fs_blog_admin":"true","options":{"replace":{"old_value":[""],"new_value":[""]}},"ai1wm_manual_export":"1","storage":"kgwa8sbefkqf","secret_key":"xqhb5FTWuSKo","archive":"bemaxacademy.com-20180507-124815-868.wpress","priority":"150","total_files_count":"25629","total_files_size":"3760568540","file_bytes_offset":384000000,"filemap_bytes_offset":837648,"processed_files_size":610935993,"completed":false}

May 07 2018 13:13:46
{"action":"ai1wm_export","_fs_blog_admin":"true","options":{"replace":{"old_value":[""],"new_value":[""]}},"ai1wm_manual_export":"1","storage":"kgwa8sbefkqf","secret_key":"xqhb5FTWuSKo","archive":"bemaxacademy.com-20180507-124815-868.wpress","priority":"150","total_files_count":"25629","total_files_size":"3760568540","file_bytes_offset":402432000,"filemap_bytes_offset":837648,"processed_files_size":629367993,"completed":false}

May 07 2018 13:14:17
{"action":"ai1wm_export","_fs_blog_admin":"true","options":{"replace":{"old_value":[""],"new_value":[""]}},"ai1wm_manual_export":"1","storage":"kgwa8sbefkqf","secret_key":"xqhb5FTWuSKo","archive":"bemaxacademy.com-20180507-124815-868.wpress","priority":"150","total_files_count":"25629","total_files_size":"3760568540","file_bytes_offset":21504000,"filemap_bytes_offset":837718,"processed_files_size":667115524,"completed":false}

May 07 2018 13:14:39
{"action":"ai1wm_export","_fs_blog_admin":"true","options":{"replace":{"old_value":[""],"new_value":[""]}},"ai1wm_manual_export":"1","storage":"kgwa8sbefkqf","secret_key":"xqhb5FTWuSKo","archive":"bemaxacademy.com-20180507-124815-868.wpress","priority":"150","total_files_count":"25629","total_files_size":"3760568540","file_bytes_offset":34816000,"filemap_bytes_offset":837818,"processed_files_size":708577913,"completed":false}

May 07 2018 13:15:11
{"action":"ai1wm_export","_fs_blog_admin":"true","options":{"replace":{"old_value":[""],"new_value":[""]}},"ai1wm_manual_export":"1","storage":"kgwa8sbefkqf","secret_key":"xqhb5FTWuSKo","archive":"bemaxacademy.com-20180507-124815-868.wpress","priority":"150","total_files_count":"25629","total_files_size":"3760568540","file_bytes_offset":19456000,"filemap_bytes_offset":837887,"processed_files_size":735091509,"completed":false}

May 07 2018 13:15:42
{"action":"ai1wm_export","_fs_blog_admin":"true","options":{"replace":{"old_value":[""],"new_value":[""]}},"ai1wm_manual_export":"1","storage":"kgwa8sbefkqf","secret_key":"xqhb5FTWuSKo","archive":"bemaxacademy.com-20180507-124815-868.wpress","priority":"150","total_files_count":"25629","total_files_size":"3760568540","file_bytes_offset":41984000,"filemap_bytes_offset":837985,"processed_files_size":799759785,"completed":false}

May 07 2018 13:16:14
{"action":"ai1wm_export","_fs_blog_admin":"true","options":{"replace":{"old_value":[""],"new_value":[""]}},"ai1wm_manual_export":"1","storage":"kgwa8sbefkqf","secret_key":"xqhb5FTWuSKo","archive":"bemaxacademy.com-20180507-124815-868.wpress","priority":"150","total_files_count":"25629","total_files_size":"3760568540","file_bytes_offset":0,"filemap_bytes_offset":838124,"processed_files_size":836245271,"completed":false}

May 07 2018 13:16:39
{"action":"ai1wm_export","_fs_blog_admin":"true","options":{"replace":{"old_value":[""],"new_value":[""]}},"ai1wm_manual_export":"1","storage":"kgwa8sbefkqf","secret_key":"xqhb5FTWuSKo","archive":"bemaxacademy.com-20180507-124815-868.wpress","priority":"150","total_files_count":"25629","total_files_size":"3760568540","file_bytes_offset":0,"filemap_bytes_offset":838246,"processed_files_size":877340367,"completed":false}

May 07 2018 13:17:07
{"action":"ai1wm_export","_fs_blog_admin":"true","options":{"replace":{"old_value":[""],"new_value":[""]}},"ai1wm_manual_export":"1","storage":"kgwa8sbefkqf","secret_key":"xqhb5FTWuSKo","archive":"bemaxacademy.com-20180507-124815-868.wpress","priority":"150","total_files_count":"25629","total_files_size":"3760568540","file_bytes_offset":30720000,"filemap_bytes_offset":838315,"processed_files_size":922964968,"completed":false}

May 07 2018 13:17:39
{"action":"ai1wm_export","_fs_blog_admin":"true","options":{"replace":{"old_value":[""],"new_value":[""]}},"ai1wm_manual_export":"1","storage":"kgwa8sbefkqf","secret_key":"xqhb5FTWuSKo","archive":"bemaxacademy.com-20180507-124815-868.wpress","priority":"150","total_files_count":"25629","total_files_size":"3760568540","file_bytes_offset":38912000,"filemap_bytes_offset":838379,"processed_files_size":972400161,"completed":false}

May 07 2018 13:18:03
{"action":"ai1wm_export","_fs_blog_admin":"true","options":{"replace":{"old_value":[""],"new_value":[""]}},"ai1wm_manual_export":"1","storage":"kgwa8sbefkqf","secret_key":"xqhb5FTWuSKo","archive":"bemaxacademy.com-20180507-124815-868.wpress","priority":"150","total_files_count":"25629","total_files_size":"3760568540","file_bytes_offset":71168000,"filemap_bytes_offset":838379,"processed_files_size":1004656161,"completed":false}

May 07 2018 13:18:33
{"action":"ai1wm_export","_fs_blog_admin":"true","options":{"replace":{"old_value":[""],"new_value":[""]}},"ai1wm_manual_export":"1","storage":"kgwa8sbefkqf","secret_key":"xqhb5FTWuSKo","archive":"bemaxacademy.com-20180507-124815-868.wpress","priority":"150","total_files_count":"25629","total_files_size":"3760568540","file_bytes_offset":125440000,"filemap_bytes_offset":838379,"processed_files_size":1058928161,"completed":false}

